Using pre-set license
Built from '2021.1/staging' branch; Version is '2021.1.11f1 (4d8c25f7477e) revision 5082149'; Using compiler version '192528614'; Build Type 'Release'
OS: 'Windows 10 Enterprise; OS build 19043.1110; Version 2009; 64bit' Language: 'en' Physical Memory: 8146 MB
BatchMode: 1, IsHumanControllingUs: 0, StartBugReporterOnCrash: 0, Is64bit: 1, IsPro: 0

 COMMAND LINE ARGUMENTS:
E:\Program Files\Unity\Unity Editors\Unity 2021.1.11f1\Editor\Unity.exe
-adb2
-batchMode
-noUpm
-name
AssetImportWorker0
-projectPath
D:/Users/Zaphkil!/Documents/Unity Projects/2D Shooter
-logFile
Logs/AssetImportWorker0.log
-srvPort
6072
Successfully changed project path to: D:/Users/Zaphkil!/Documents/Unity Projects/2D Shooter
D:/Users/Zaphkil!/Documents/Unity Projects/2D Shooter
Using Asset Import Pipeline V2.
Refreshing native plugins compatible for Editor in 129.11 ms, found 4 plugins.
Preloading 0 native plugins for Editor in 0.00 ms.
Initialize engine version: 2021.1.11f1 (4d8c25f7477e)
[Subsystems] Discovering subsystems at path E:/Program Files/Unity/Unity Editors/Unity 2021.1.11f1/Editor/Data/Resources/UnitySubsystems
[Subsystems] Discovering subsystems at path D:/Users/Zaphkil!/Documents/Unity Projects/2D Shooter/Assets
GfxDevice: creating device client; threaded=0; jobified=0
Direct3D:
    Version:  Direct3D 11.0 [level 11.1]
    Renderer: NVIDIA GeForce GTX 1050 Ti (ID=0x1c82)
    Vendor:   NVIDIA
    VRAM:     4018 MB
    Driver:   30.0.14.7111
Initialize mono
Mono path[0] = 'E:/Program Files/Unity/Unity Editors/Unity 2021.1.11f1/Editor/Data/Managed'
Mono path[1] = 'E:/Program Files/Unity/Unity Editors/Unity 2021.1.11f1/Editor/Data/MonoBleedingEdge/lib/mono/unityjit'
Mono config path = 'E:/Program Files/Unity/Unity Editors/Unity 2021.1.11f1/Editor/Data/MonoBleedingEdge/etc'
Using monoOptions --debugger-agent=transport=dt_socket,embedding=1,server=y,suspend=n,address=127.0.0.1:56120
Begin MonoManager ReloadAssembly
Registering precompiled unity dll's ...
Register platform support module: E:/Program Files/Unity/Unity Editors/Unity 2021.1.11f1/Editor/Data/PlaybackEngines/WebGLSupport/UnityEditor.WebGL.Extensions.dll
Register platform support module: E:/Program Files/Unity/Unity Editors/Unity 2021.1.11f1/Editor/Data/PlaybackEngines/WindowsStandaloneSupport/UnityEditor.WindowsStandalone.Extensions.dll
Registered in 0.001669 seconds.
Native extension for WindowsStandalone target not found
Native extension for WebGL target not found
Refreshing native plugins compatible for Editor in 199.41 ms, found 4 plugins.
Preloading 0 native plugins for Editor in 0.00 ms.
Mono: successfully reloaded assembly
- Completed reload, in  1.678 seconds
Domain Reload Profiling:
	ReloadAssembly (1678ms)
		BeginReloadAssembly (56ms)
			ExecutionOrderSort (0ms)
			DisableScriptedObjects (0ms)
			BackupInstance (0ms)
			ReleaseScriptingObjects (0ms)
			CreateAndSetChildDomain (1ms)
		EndReloadAssembly (895ms)
			LoadAssemblies (56ms)
			RebuildTransferFunctionScriptingTraits (0ms)
			SetupTypeCache (313ms)
			ReleaseScriptCaches (0ms)
			RebuildScriptCaches (54ms)
			SetupLoadedEditorAssemblies (450ms)
				LogAssemblyErrors (0ms)
				InitializePlatformSupportModulesInManaged (12ms)
				SetLoadedEditorAssemblies (1ms)
				RefreshPlugins (200ms)
				BeforeProcessingInitializeOnLoad (2ms)
				ProcessInitializeOnLoadAttributes (178ms)
				ProcessInitializeOnLoadMethodAttributes (56ms)
				AfterProcessingInitializeOnLoad (0ms)
				EditorAssembliesLoaded (0ms)
			ExecutionOrderSort2 (0ms)
			AwakeInstancesAfterBackupRestoration (0ms)
Platform modules already initialized, skipping
Registering precompiled user dll's ...
Registered in 0.009433 seconds.
Begin MonoManager ReloadAssembly
Symbol file LoadedFromMemory doesn't match image D:\Users\Zaphkil!\Documents\Unity Projects\2D Shooter\Library\PackageCache\com.unity.visualscripting@1.6.1\Editor\VisualScripting.Core\Dependencies\YamlDotNet\Unity.VisualScripting.YamlDotNet.dll
Symbol file LoadedFromMemory doesn't match image D:\Users\Zaphkil!\Documents\Unity Projects\2D Shooter\Library\PackageCache\com.unity.visualscripting@1.6.1\Editor\VisualScripting.Core\Dependencies\DotNetZip\Unity.VisualScripting.IonicZip.dll
Native extension for WindowsStandalone target not found
Native extension for WebGL target not found
Refreshing native plugins compatible for Editor in 192.64 ms, found 4 plugins.
Preloading 0 native plugins for Editor in 0.00 ms.
Mono: successfully reloaded assembly
- Completed reload, in  2.396 seconds
Domain Reload Profiling:
	ReloadAssembly (2397ms)
		BeginReloadAssembly (263ms)
			ExecutionOrderSort (0ms)
			DisableScriptedObjects (8ms)
			BackupInstance (0ms)
			ReleaseScriptingObjects (0ms)
			CreateAndSetChildDomain (37ms)
		EndReloadAssembly (2039ms)
			LoadAssemblies (168ms)
			RebuildTransferFunctionScriptingTraits (0ms)
			SetupTypeCache (752ms)
			ReleaseScriptCaches (1ms)
			RebuildScriptCaches (112ms)
			SetupLoadedEditorAssemblies (822ms)
				LogAssemblyErrors (0ms)
				InitializePlatformSupportModulesInManaged (9ms)
				SetLoadedEditorAssemblies (0ms)
				RefreshPlugins (193ms)
				BeforeProcessingInitializeOnLoad (153ms)
				ProcessInitializeOnLoadAttributes (441ms)
				ProcessInitializeOnLoadMethodAttributes (23ms)
				AfterProcessingInitializeOnLoad (3ms)
				EditorAssembliesLoaded (0ms)
			ExecutionOrderSort2 (0ms)
			AwakeInstancesAfterBackupRestoration (8ms)
Platform modules already initialized, skipping
========================================================================
Worker process is ready to serve import requests
Launched and connected shader compiler UnityShaderCompiler.exe after 0.05 seconds
Refreshing native plugins compatible for Editor in 0.87 ms, found 4 plugins.
Preloading 0 native plugins for Editor in 0.00 ms.
Unloading 3983 Unused Serialized files (Serialized files now loaded: 0)
System memory in use before: 148.1 MB.
System memory in use after: 148.2 MB.

Unloading 39 unused Assets to reduce memory usage. Loaded Objects now: 4432.
Total: 4.895000 ms (FindLiveObjects: 0.926100 ms CreateObjectMapping: 0.590000 ms MarkObjects: 3.174500 ms  DeleteObjects: 0.202500 ms)

AssetImportParameters requested are different than current active one (requested -> active):
  custom:framework-win-MediaFoundation: 216162199b28c13a410421893ffa2e32 -> 
  custom:video-decoder-ogg-theora: a1e56fd34408186e4bbccfd4996cb3dc -> 
  custom:container-muxer-webm: aa71ff27fc2769a1b78a27578f13a17b -> 
  custom:container-demuxer-webm: 4f35f7cbe854078d1ac9338744f61a02 -> 
  custom:container-demuxer-ogg: 62fdf1f143b41e24485cea50d1cbac27 -> 
  custom:video-encoder-webm-vp8: eb34c28f22e8b96e1ab97ce403110664 -> 
  custom:video-decoder-webm-vp8: 9c59270c3fd7afecdb556c50c9e8de78 -> 
  custom:audio-decoder-ogg-vorbis: bf7c407c2cedff20999df2af8eb42d56 -> 
  custom:audio-encoder-webm-vorbis: bf7c407c2cedff20999df2af8eb42d56 -> 
========================================================================
Received Import Request.
  path: Assets/_Scenes/Level2.unity
  artifactKey: Guid(3920ee26cb1d16147968152a4d98354e) Importer(815301076,1909f56bfc062723c751e8b465ee728b)
Start importing Assets/_Scenes/Level2.unity using Guid(3920ee26cb1d16147968152a4d98354e) Importer(815301076,1909f56bfc062723c751e8b465ee728b)  -> (artifact id: '25ba4009f9cf47fff6e468a62e6680ba') in 0.096038 seconds 
========================================================================
Received Prepare
Refreshing native plugins compatible for Editor in 4.60 ms, found 4 plugins.
Preloading 0 native plugins for Editor in 0.00 ms.
Unloading 23 Unused Serialized files (Serialized files now loaded: 0)
System memory in use before: 69.6 MB.
System memory in use after: 69.7 MB.

Unloading 23 unused Assets to reduce memory usage. Loaded Objects now: 4432.
Total: 4.426500 ms (FindLiveObjects: 0.481400 ms CreateObjectMapping: 0.365600 ms MarkObjects: 3.446500 ms  DeleteObjects: 0.131700 ms)

AssetImportParameters requested are different than current active one (requested -> active):
  custom:framework-win-MediaFoundation: 216162199b28c13a410421893ffa2e32 -> 
  custom:video-decoder-ogg-theora: a1e56fd34408186e4bbccfd4996cb3dc -> 
  custom:container-muxer-webm: aa71ff27fc2769a1b78a27578f13a17b -> 
  custom:container-demuxer-webm: 4f35f7cbe854078d1ac9338744f61a02 -> 
  custom:container-demuxer-ogg: 62fdf1f143b41e24485cea50d1cbac27 -> 
  custom:video-encoder-webm-vp8: eb34c28f22e8b96e1ab97ce403110664 -> 
  custom:video-decoder-webm-vp8: 9c59270c3fd7afecdb556c50c9e8de78 -> 
  custom:audio-decoder-ogg-vorbis: bf7c407c2cedff20999df2af8eb42d56 -> 
  custom:audio-encoder-webm-vorbis: bf7c407c2cedff20999df2af8eb42d56 -> 
========================================================================
Received Prepare
Registering precompiled user dll's ...
Registered in 0.006618 seconds.
Begin MonoManager ReloadAssembly
Symbol file LoadedFromMemory doesn't match image D:\Users\Zaphkil!\Documents\Unity Projects\2D Shooter\Library\PackageCache\com.unity.visualscripting@1.6.1\Editor\VisualScripting.Core\Dependencies\YamlDotNet\Unity.VisualScripting.YamlDotNet.dll
Symbol file LoadedFromMemory doesn't match image D:\Users\Zaphkil!\Documents\Unity Projects\2D Shooter\Library\PackageCache\com.unity.visualscripting@1.6.1\Editor\VisualScripting.Core\Dependencies\DotNetZip\Unity.VisualScripting.IonicZip.dll
Native extension for WindowsStandalone target not found
Native extension for WebGL target not found
Refreshing native plugins compatible for Editor in 1.56 ms, found 4 plugins.
Preloading 0 native plugins for Editor in 0.00 ms.
Mono: successfully reloaded assembly
- Completed reload, in  1.449 seconds
Domain Reload Profiling:
	ReloadAssembly (1449ms)
		BeginReloadAssembly (147ms)
			ExecutionOrderSort (0ms)
			DisableScriptedObjects (9ms)
			BackupInstance (0ms)
			ReleaseScriptingObjects (0ms)
			CreateAndSetChildDomain (54ms)
		EndReloadAssembly (1236ms)
			LoadAssemblies (116ms)
			RebuildTransferFunctionScriptingTraits (0ms)
			SetupTypeCache (471ms)
			ReleaseScriptCaches (2ms)
			RebuildScriptCaches (56ms)
			SetupLoadedEditorAssemblies (431ms)
				LogAssemblyErrors (0ms)
				InitializePlatformSupportModulesInManaged (9ms)
				SetLoadedEditorAssemblies (1ms)
				RefreshPlugins (2ms)
				BeforeProcessingInitializeOnLoad (74ms)
				ProcessInitializeOnLoadAttributes (332ms)
				ProcessInitializeOnLoadMethodAttributes (11ms)
				AfterProcessingInitializeOnLoad (3ms)
				EditorAssembliesLoaded (0ms)
			ExecutionOrderSort2 (0ms)
			AwakeInstancesAfterBackupRestoration (13ms)
Platform modules already initialized, skipping
Refreshing native plugins compatible for Editor in 1.46 ms, found 4 plugins.
Preloading 0 native plugins for Editor in 0.00 ms.
Unloading 3978 Unused Serialized files (Serialized files now loaded: 0)
System memory in use before: 148.3 MB.
System memory in use after: 148.4 MB.

Unloading 25 unused Assets to reduce memory usage. Loaded Objects now: 4436.
Total: 4.985800 ms (FindLiveObjects: 0.372400 ms CreateObjectMapping: 0.252400 ms MarkObjects: 4.214000 ms  DeleteObjects: 0.145100 ms)

AssetImportParameters requested are different than current active one (requested -> active):
  custom:framework-win-MediaFoundation: 216162199b28c13a410421893ffa2e32 -> 
  custom:video-decoder-ogg-theora: a1e56fd34408186e4bbccfd4996cb3dc -> 
  custom:container-muxer-webm: aa71ff27fc2769a1b78a27578f13a17b -> 
  custom:container-demuxer-webm: 4f35f7cbe854078d1ac9338744f61a02 -> 
  custom:container-demuxer-ogg: 62fdf1f143b41e24485cea50d1cbac27 -> 
  custom:video-encoder-webm-vp8: eb34c28f22e8b96e1ab97ce403110664 -> 
  custom:video-decoder-webm-vp8: 9c59270c3fd7afecdb556c50c9e8de78 -> 
  custom:audio-decoder-ogg-vorbis: bf7c407c2cedff20999df2af8eb42d56 -> 
  custom:audio-encoder-webm-vorbis: bf7c407c2cedff20999df2af8eb42d56 -> 
========================================================================
Received Prepare
Registering precompiled user dll's ...
Registered in 0.004875 seconds.
Begin MonoManager ReloadAssembly
Symbol file LoadedFromMemory doesn't match image D:\Users\Zaphkil!\Documents\Unity Projects\2D Shooter\Library\PackageCache\com.unity.visualscripting@1.6.1\Editor\VisualScripting.Core\Dependencies\YamlDotNet\Unity.VisualScripting.YamlDotNet.dll
Symbol file LoadedFromMemory doesn't match image D:\Users\Zaphkil!\Documents\Unity Projects\2D Shooter\Library\PackageCache\com.unity.visualscripting@1.6.1\Editor\VisualScripting.Core\Dependencies\DotNetZip\Unity.VisualScripting.IonicZip.dll
Native extension for WindowsStandalone target not found
Native extension for WebGL target not found
Refreshing native plugins compatible for Editor in 1.01 ms, found 4 plugins.
Preloading 0 native plugins for Editor in 0.00 ms.
Mono: successfully reloaded assembly
- Completed reload, in  1.423 seconds
Domain Reload Profiling:
	ReloadAssembly (1424ms)
		BeginReloadAssembly (142ms)
			ExecutionOrderSort (0ms)
			DisableScriptedObjects (7ms)
			BackupInstance (0ms)
			ReleaseScriptingObjects (0ms)
			CreateAndSetChildDomain (52ms)
		EndReloadAssembly (1217ms)
			LoadAssemblies (113ms)
			RebuildTransferFunctionScriptingTraits (0ms)
			SetupTypeCache (467ms)
			ReleaseScriptCaches (2ms)
			RebuildScriptCaches (62ms)
			SetupLoadedEditorAssemblies (426ms)
				LogAssemblyErrors (0ms)
				InitializePlatformSupportModulesInManaged (6ms)
				SetLoadedEditorAssemblies (1ms)
				RefreshPlugins (1ms)
				BeforeProcessingInitializeOnLoad (84ms)
				ProcessInitializeOnLoadAttributes (321ms)
				ProcessInitializeOnLoadMethodAttributes (10ms)
				AfterProcessingInitializeOnLoad (3ms)
				EditorAssembliesLoaded (0ms)
			ExecutionOrderSort2 (0ms)
			AwakeInstancesAfterBackupRestoration (13ms)
Platform modules already initialized, skipping
Refreshing native plugins compatible for Editor in 0.95 ms, found 4 plugins.
Preloading 0 native plugins for Editor in 0.00 ms.
Unloading 3978 Unused Serialized files (Serialized files now loaded: 0)
System memory in use before: 148.3 MB.
System memory in use after: 148.5 MB.

Unloading 25 unused Assets to reduce memory usage. Loaded Objects now: 4440.
Total: 3.999900 ms (FindLiveObjects: 0.501000 ms CreateObjectMapping: 0.339000 ms MarkObjects: 3.027300 ms  DeleteObjects: 0.131200 ms)

AssetImportParameters requested are different than current active one (requested -> active):
  custom:framework-win-MediaFoundation: 216162199b28c13a410421893ffa2e32 -> 
  custom:video-decoder-ogg-theora: a1e56fd34408186e4bbccfd4996cb3dc -> 
  custom:container-muxer-webm: aa71ff27fc2769a1b78a27578f13a17b -> 
  custom:container-demuxer-webm: 4f35f7cbe854078d1ac9338744f61a02 -> 
  custom:container-demuxer-ogg: 62fdf1f143b41e24485cea50d1cbac27 -> 
  custom:video-encoder-webm-vp8: eb34c28f22e8b96e1ab97ce403110664 -> 
  custom:video-decoder-webm-vp8: 9c59270c3fd7afecdb556c50c9e8de78 -> 
  custom:audio-decoder-ogg-vorbis: bf7c407c2cedff20999df2af8eb42d56 -> 
  custom:audio-encoder-webm-vorbis: bf7c407c2cedff20999df2af8eb42d56 -> 
========================================================================
Received Prepare
Registering precompiled user dll's ...
Registered in 0.005499 seconds.
Begin MonoManager ReloadAssembly
Symbol file LoadedFromMemory doesn't match image D:\Users\Zaphkil!\Documents\Unity Projects\2D Shooter\Library\PackageCache\com.unity.visualscripting@1.6.1\Editor\VisualScripting.Core\Dependencies\YamlDotNet\Unity.VisualScripting.YamlDotNet.dll
Symbol file LoadedFromMemory doesn't match image D:\Users\Zaphkil!\Documents\Unity Projects\2D Shooter\Library\PackageCache\com.unity.visualscripting@1.6.1\Editor\VisualScripting.Core\Dependencies\DotNetZip\Unity.VisualScripting.IonicZip.dll
Native extension for WindowsStandalone target not found
Native extension for WebGL target not found
Refreshing native plugins compatible for Editor in 1.58 ms, found 4 plugins.
Preloading 0 native plugins for Editor in 0.00 ms.
Mono: successfully reloaded assembly
- Completed reload, in  1.751 seconds
Domain Reload Profiling:
	ReloadAssembly (1752ms)
		BeginReloadAssembly (163ms)
			ExecutionOrderSort (0ms)
			DisableScriptedObjects (11ms)
			BackupInstance (0ms)
			ReleaseScriptingObjects (0ms)
			CreateAndSetChildDomain (64ms)
		EndReloadAssembly (1511ms)
			LoadAssemblies (127ms)
			RebuildTransferFunctionScriptingTraits (0ms)
			SetupTypeCache (620ms)
			ReleaseScriptCaches (2ms)
			RebuildScriptCaches (70ms)
			SetupLoadedEditorAssemblies (487ms)
				LogAssemblyErrors (0ms)
				InitializePlatformSupportModulesInManaged (9ms)
				SetLoadedEditorAssemblies (2ms)
				RefreshPlugins (2ms)
				BeforeProcessingInitializeOnLoad (90ms)
				ProcessInitializeOnLoadAttributes (368ms)
				ProcessInitializeOnLoadMethodAttributes (13ms)
				AfterProcessingInitializeOnLoad (3ms)
				EditorAssembliesLoaded (0ms)
			ExecutionOrderSort2 (0ms)
			AwakeInstancesAfterBackupRestoration (13ms)
Platform modules already initialized, skipping
Refreshing native plugins compatible for Editor in 1.17 ms, found 4 plugins.
Preloading 0 native plugins for Editor in 0.00 ms.
Unloading 3978 Unused Serialized files (Serialized files now loaded: 0)
System memory in use before: 148.4 MB.
System memory in use after: 148.5 MB.

Unloading 25 unused Assets to reduce memory usage. Loaded Objects now: 4444.
Total: 4.280000 ms (FindLiveObjects: 0.410700 ms CreateObjectMapping: 0.407600 ms MarkObjects: 3.285700 ms  DeleteObjects: 0.173900 ms)

AssetImportParameters requested are different than current active one (requested -> active):
  custom:framework-win-MediaFoundation: 216162199b28c13a410421893ffa2e32 -> 
  custom:video-decoder-ogg-theora: a1e56fd34408186e4bbccfd4996cb3dc -> 
  custom:container-muxer-webm: aa71ff27fc2769a1b78a27578f13a17b -> 
  custom:container-demuxer-webm: 4f35f7cbe854078d1ac9338744f61a02 -> 
  custom:container-demuxer-ogg: 62fdf1f143b41e24485cea50d1cbac27 -> 
  custom:video-encoder-webm-vp8: eb34c28f22e8b96e1ab97ce403110664 -> 
  custom:video-decoder-webm-vp8: 9c59270c3fd7afecdb556c50c9e8de78 -> 
  custom:audio-decoder-ogg-vorbis: bf7c407c2cedff20999df2af8eb42d56 -> 
  custom:audio-encoder-webm-vorbis: bf7c407c2cedff20999df2af8eb42d56 -> 
========================================================================
Received Prepare
Registering precompiled user dll's ...
Registered in 0.005149 seconds.
Begin MonoManager ReloadAssembly
Symbol file LoadedFromMemory doesn't match image D:\Users\Zaphkil!\Documents\Unity Projects\2D Shooter\Library\PackageCache\com.unity.visualscripting@1.6.1\Editor\VisualScripting.Core\Dependencies\YamlDotNet\Unity.VisualScripting.YamlDotNet.dll
Symbol file LoadedFromMemory doesn't match image D:\Users\Zaphkil!\Documents\Unity Projects\2D Shooter\Library\PackageCache\com.unity.visualscripting@1.6.1\Editor\VisualScripting.Core\Dependencies\DotNetZip\Unity.VisualScripting.IonicZip.dll
Native extension for WindowsStandalone target not found
Native extension for WebGL target not found
Refreshing native plugins compatible for Editor in 1.04 ms, found 4 plugins.
Preloading 0 native plugins for Editor in 0.00 ms.
Mono: successfully reloaded assembly
- Completed reload, in  1.440 seconds
Domain Reload Profiling:
	ReloadAssembly (1441ms)
		BeginReloadAssembly (152ms)
			ExecutionOrderSort (0ms)
			DisableScriptedObjects (9ms)
			BackupInstance (0ms)
			ReleaseScriptingObjects (0ms)
			CreateAndSetChildDomain (52ms)
		EndReloadAssembly (1225ms)
			LoadAssemblies (115ms)
			RebuildTransferFunctionScriptingTraits (0ms)
			SetupTypeCache (466ms)
			ReleaseScriptCaches (1ms)
			RebuildScriptCaches (56ms)
			SetupLoadedEditorAssemblies (420ms)
				LogAssemblyErrors (0ms)
				InitializePlatformSupportModulesInManaged (6ms)
				SetLoadedEditorAssemblies (1ms)
				RefreshPlugins (1ms)
				BeforeProcessingInitializeOnLoad (68ms)
				ProcessInitializeOnLoadAttributes (328ms)
				ProcessInitializeOnLoadMethodAttributes (11ms)
				AfterProcessingInitializeOnLoad (4ms)
				EditorAssembliesLoaded (0ms)
			ExecutionOrderSort2 (0ms)
			AwakeInstancesAfterBackupRestoration (15ms)
Platform modules already initialized, skipping
Refreshing native plugins compatible for Editor in 1.15 ms, found 4 plugins.
Preloading 0 native plugins for Editor in 0.00 ms.
Unloading 3978 Unused Serialized files (Serialized files now loaded: 0)
System memory in use before: 148.4 MB.
System memory in use after: 148.5 MB.

Unloading 25 unused Assets to reduce memory usage. Loaded Objects now: 4448.
Total: 4.142500 ms (FindLiveObjects: 0.388700 ms CreateObjectMapping: 0.307100 ms MarkObjects: 3.298000 ms  DeleteObjects: 0.147100 ms)

AssetImportParameters requested are different than current active one (requested -> active):
  custom:framework-win-MediaFoundation: 216162199b28c13a410421893ffa2e32 -> 
  custom:video-decoder-ogg-theora: a1e56fd34408186e4bbccfd4996cb3dc -> 
  custom:container-muxer-webm: aa71ff27fc2769a1b78a27578f13a17b -> 
  custom:container-demuxer-webm: 4f35f7cbe854078d1ac9338744f61a02 -> 
  custom:container-demuxer-ogg: 62fdf1f143b41e24485cea50d1cbac27 -> 
  custom:video-encoder-webm-vp8: eb34c28f22e8b96e1ab97ce403110664 -> 
  custom:video-decoder-webm-vp8: 9c59270c3fd7afecdb556c50c9e8de78 -> 
  custom:audio-decoder-ogg-vorbis: bf7c407c2cedff20999df2af8eb42d56 -> 
  custom:audio-encoder-webm-vorbis: bf7c407c2cedff20999df2af8eb42d56 -> 
========================================================================
Received Prepare
Registering precompiled user dll's ...
Registered in 0.005494 seconds.
Begin MonoManager ReloadAssembly
Symbol file LoadedFromMemory doesn't match image D:\Users\Zaphkil!\Documents\Unity Projects\2D Shooter\Library\PackageCache\com.unity.visualscripting@1.6.1\Editor\VisualScripting.Core\Dependencies\YamlDotNet\Unity.VisualScripting.YamlDotNet.dll
Symbol file LoadedFromMemory doesn't match image D:\Users\Zaphkil!\Documents\Unity Projects\2D Shooter\Library\PackageCache\com.unity.visualscripting@1.6.1\Editor\VisualScripting.Core\Dependencies\DotNetZip\Unity.VisualScripting.IonicZip.dll
Native extension for WindowsStandalone target not found
Native extension for WebGL target not found
Refreshing native plugins compatible for Editor in 0.98 ms, found 4 plugins.
Preloading 0 native plugins for Editor in 0.00 ms.
Mono: successfully reloaded assembly
- Completed reload, in  1.490 seconds
Domain Reload Profiling:
	ReloadAssembly (1490ms)
		BeginReloadAssembly (141ms)
			ExecutionOrderSort (0ms)
			DisableScriptedObjects (8ms)
			BackupInstance (0ms)
			ReleaseScriptingObjects (0ms)
			CreateAndSetChildDomain (49ms)
		EndReloadAssembly (1276ms)
			LoadAssemblies (115ms)
			RebuildTransferFunctionScriptingTraits (0ms)
			SetupTypeCache (506ms)
			ReleaseScriptCaches (2ms)
			RebuildScriptCaches (65ms)
			SetupLoadedEditorAssemblies (426ms)
				LogAssemblyErrors (0ms)
				InitializePlatformSupportModulesInManaged (6ms)
				SetLoadedEditorAssemblies (1ms)
				RefreshPlugins (1ms)
				BeforeProcessingInitializeOnLoad (76ms)
				ProcessInitializeOnLoadAttributes (325ms)
				ProcessInitializeOnLoadMethodAttributes (11ms)
				AfterProcessingInitializeOnLoad (4ms)
				EditorAssembliesLoaded (0ms)
			ExecutionOrderSort2 (0ms)
			AwakeInstancesAfterBackupRestoration (17ms)
Platform modules already initialized, skipping
Refreshing native plugins compatible for Editor in 1.02 ms, found 4 plugins.
Preloading 0 native plugins for Editor in 0.00 ms.
Unloading 3978 Unused Serialized files (Serialized files now loaded: 0)
System memory in use before: 148.4 MB.
System memory in use after: 148.5 MB.

Unloading 25 unused Assets to reduce memory usage. Loaded Objects now: 4452.
Total: 4.122800 ms (FindLiveObjects: 0.453400 ms CreateObjectMapping: 0.350400 ms MarkObjects: 3.174000 ms  DeleteObjects: 0.143100 ms)

AssetImportParameters requested are different than current active one (requested -> active):
  custom:framework-win-MediaFoundation: 216162199b28c13a410421893ffa2e32 -> 
  custom:video-decoder-ogg-theora: a1e56fd34408186e4bbccfd4996cb3dc -> 
  custom:container-muxer-webm: aa71ff27fc2769a1b78a27578f13a17b -> 
  custom:container-demuxer-webm: 4f35f7cbe854078d1ac9338744f61a02 -> 
  custom:container-demuxer-ogg: 62fdf1f143b41e24485cea50d1cbac27 -> 
  custom:video-encoder-webm-vp8: eb34c28f22e8b96e1ab97ce403110664 -> 
  custom:video-decoder-webm-vp8: 9c59270c3fd7afecdb556c50c9e8de78 -> 
  custom:audio-decoder-ogg-vorbis: bf7c407c2cedff20999df2af8eb42d56 -> 
  custom:audio-encoder-webm-vorbis: bf7c407c2cedff20999df2af8eb42d56 -> 
========================================================================
Received Prepare
Registering precompiled user dll's ...
Registered in 0.006784 seconds.
Begin MonoManager ReloadAssembly
Symbol file LoadedFromMemory doesn't match image D:\Users\Zaphkil!\Documents\Unity Projects\2D Shooter\Library\PackageCache\com.unity.visualscripting@1.6.1\Editor\VisualScripting.Core\Dependencies\YamlDotNet\Unity.VisualScripting.YamlDotNet.dll
Symbol file LoadedFromMemory doesn't match image D:\Users\Zaphkil!\Documents\Unity Projects\2D Shooter\Library\PackageCache\com.unity.visualscripting@1.6.1\Editor\VisualScripting.Core\Dependencies\DotNetZip\Unity.VisualScripting.IonicZip.dll
Native extension for WindowsStandalone target not found
Native extension for WebGL target not found
Refreshing native plugins compatible for Editor in 0.98 ms, found 4 plugins.
Preloading 0 native plugins for Editor in 0.00 ms.
Mono: successfully reloaded assembly
- Completed reload, in  1.479 seconds
Domain Reload Profiling:
	ReloadAssembly (1479ms)
		BeginReloadAssembly (151ms)
			ExecutionOrderSort (0ms)
			DisableScriptedObjects (10ms)
			BackupInstance (0ms)
			ReleaseScriptingObjects (0ms)
			CreateAndSetChildDomain (53ms)
		EndReloadAssembly (1267ms)
			LoadAssemblies (110ms)
			RebuildTransferFunctionScriptingTraits (0ms)
			SetupTypeCache (499ms)
			ReleaseScriptCaches (2ms)
			RebuildScriptCaches (55ms)
			SetupLoadedEditorAssemblies (445ms)
				LogAssemblyErrors (0ms)
				InitializePlatformSupportModulesInManaged (6ms)
				SetLoadedEditorAssemblies (0ms)
				RefreshPlugins (1ms)
				BeforeProcessingInitializeOnLoad (76ms)
				ProcessInitializeOnLoadAttributes (347ms)
				ProcessInitializeOnLoadMethodAttributes (10ms)
				AfterProcessingInitializeOnLoad (3ms)
				EditorAssembliesLoaded (0ms)
			ExecutionOrderSort2 (0ms)
			AwakeInstancesAfterBackupRestoration (13ms)
Platform modules already initialized, skipping
Refreshing native plugins compatible for Editor in 1.10 ms, found 4 plugins.
Preloading 0 native plugins for Editor in 0.00 ms.
Unloading 3978 Unused Serialized files (Serialized files now loaded: 0)
System memory in use before: 148.5 MB.
System memory in use after: 148.6 MB.

Unloading 25 unused Assets to reduce memory usage. Loaded Objects now: 4456.
Total: 4.133700 ms (FindLiveObjects: 0.463500 ms CreateObjectMapping: 0.386700 ms MarkObjects: 3.147600 ms  DeleteObjects: 0.134300 ms)

AssetImportParameters requested are different than current active one (requested -> active):
  custom:framework-win-MediaFoundation: 216162199b28c13a410421893ffa2e32 -> 
  custom:video-decoder-ogg-theora: a1e56fd34408186e4bbccfd4996cb3dc -> 
  custom:container-muxer-webm: aa71ff27fc2769a1b78a27578f13a17b -> 
  custom:container-demuxer-webm: 4f35f7cbe854078d1ac9338744f61a02 -> 
  custom:container-demuxer-ogg: 62fdf1f143b41e24485cea50d1cbac27 -> 
  custom:video-encoder-webm-vp8: eb34c28f22e8b96e1ab97ce403110664 -> 
  custom:video-decoder-webm-vp8: 9c59270c3fd7afecdb556c50c9e8de78 -> 
  custom:audio-decoder-ogg-vorbis: bf7c407c2cedff20999df2af8eb42d56 -> 
  custom:audio-encoder-webm-vorbis: bf7c407c2cedff20999df2af8eb42d56 -> 
========================================================================
Received Import Request.
  Time since last request: 803.811711 seconds.
  path: Assets/_Scenes/Level1.unity
  artifactKey: Guid(f28c30930b451704c8b1da02af3f9d48) Importer(815301076,1909f56bfc062723c751e8b465ee728b)
Start importing Assets/_Scenes/Level1.unity using Guid(f28c30930b451704c8b1da02af3f9d48) Importer(815301076,1909f56bfc062723c751e8b465ee728b)  -> (artifact id: 'af7e5c15f9e032a32c7127157be3b493') in 0.027761 seconds 
========================================================================
Received Prepare
Registering precompiled user dll's ...
Registered in 0.006799 seconds.
Begin MonoManager ReloadAssembly
Symbol file LoadedFromMemory doesn't match image D:\Users\Zaphkil!\Documents\Unity Projects\2D Shooter\Library\PackageCache\com.unity.visualscripting@1.6.1\Editor\VisualScripting.Core\Dependencies\YamlDotNet\Unity.VisualScripting.YamlDotNet.dll
Symbol file LoadedFromMemory doesn't match image D:\Users\Zaphkil!\Documents\Unity Projects\2D Shooter\Library\PackageCache\com.unity.visualscripting@1.6.1\Editor\VisualScripting.Core\Dependencies\DotNetZip\Unity.VisualScripting.IonicZip.dll
Native extension for WindowsStandalone target not found
Native extension for WebGL target not found
Refreshing native plugins compatible for Editor in 1.02 ms, found 4 plugins.
Preloading 0 native plugins for Editor in 0.00 ms.
Mono: successfully reloaded assembly
- Completed reload, in  1.342 seconds
Domain Reload Profiling:
	ReloadAssembly (1343ms)
		BeginReloadAssembly (156ms)
			ExecutionOrderSort (0ms)
			DisableScriptedObjects (9ms)
			BackupInstance (0ms)
			ReleaseScriptingObjects (0ms)
			CreateAndSetChildDomain (78ms)
		EndReloadAssembly (1126ms)
			LoadAssemblies (97ms)
			RebuildTransferFunctionScriptingTraits (0ms)
			SetupTypeCache (452ms)
			ReleaseScriptCaches (2ms)
			RebuildScriptCaches (54ms)
			SetupLoadedEditorAssemblies (391ms)
				LogAssemblyErrors (0ms)
				InitializePlatformSupportModulesInManaged (6ms)
				SetLoadedEditorAssemblies (0ms)
				RefreshPlugins (1ms)
				BeforeProcessingInitializeOnLoad (69ms)
				ProcessInitializeOnLoadAttributes (301ms)
				ProcessInitializeOnLoadMethodAttributes (11ms)
				AfterProcessingInitializeOnLoad (3ms)
				EditorAssembliesLoaded (0ms)
			ExecutionOrderSort2 (0ms)
			AwakeInstancesAfterBackupRestoration (11ms)
Platform modules already initialized, skipping
Refreshing native plugins compatible for Editor in 1.00 ms, found 4 plugins.
Preloading 0 native plugins for Editor in 0.00 ms.
Unloading 3978 Unused Serialized files (Serialized files now loaded: 0)
System memory in use before: 148.5 MB.
System memory in use after: 148.6 MB.

Unloading 25 unused Assets to reduce memory usage. Loaded Objects now: 4460.
Total: 4.027700 ms (FindLiveObjects: 0.428100 ms CreateObjectMapping: 0.233700 ms MarkObjects: 3.240400 ms  DeleteObjects: 0.124000 ms)

AssetImportParameters requested are different than current active one (requested -> active):
  custom:framework-win-MediaFoundation: 216162199b28c13a410421893ffa2e32 -> 
  custom:video-decoder-ogg-theora: a1e56fd34408186e4bbccfd4996cb3dc -> 
  custom:container-muxer-webm: aa71ff27fc2769a1b78a27578f13a17b -> 
  custom:container-demuxer-webm: 4f35f7cbe854078d1ac9338744f61a02 -> 
  custom:container-demuxer-ogg: 62fdf1f143b41e24485cea50d1cbac27 -> 
  custom:video-encoder-webm-vp8: eb34c28f22e8b96e1ab97ce403110664 -> 
  custom:video-decoder-webm-vp8: 9c59270c3fd7afecdb556c50c9e8de78 -> 
  custom:audio-decoder-ogg-vorbis: bf7c407c2cedff20999df2af8eb42d56 -> 
  custom:audio-encoder-webm-vorbis: bf7c407c2cedff20999df2af8eb42d56 -> 
========================================================================
Received Prepare
Registering precompiled user dll's ...
Registered in 0.005270 seconds.
Begin MonoManager ReloadAssembly
Symbol file LoadedFromMemory doesn't match image D:\Users\Zaphkil!\Documents\Unity Projects\2D Shooter\Library\PackageCache\com.unity.visualscripting@1.6.1\Editor\VisualScripting.Core\Dependencies\YamlDotNet\Unity.VisualScripting.YamlDotNet.dll
Symbol file LoadedFromMemory doesn't match image D:\Users\Zaphkil!\Documents\Unity Projects\2D Shooter\Library\PackageCache\com.unity.visualscripting@1.6.1\Editor\VisualScripting.Core\Dependencies\DotNetZip\Unity.VisualScripting.IonicZip.dll
Native extension for WindowsStandalone target not found
Native extension for WebGL target not found
Refreshing native plugins compatible for Editor in 1.00 ms, found 4 plugins.
Preloading 0 native plugins for Editor in 0.00 ms.
Mono: successfully reloaded assembly
- Completed reload, in  1.342 seconds
Domain Reload Profiling:
	ReloadAssembly (1343ms)
		BeginReloadAssembly (132ms)
			ExecutionOrderSort (0ms)
			DisableScriptedObjects (8ms)
			BackupInstance (0ms)
			ReleaseScriptingObjects (0ms)
			CreateAndSetChildDomain (47ms)
		EndReloadAssembly (1144ms)
			LoadAssemblies (110ms)
			RebuildTransferFunctionScriptingTraits (0ms)
			SetupTypeCache (427ms)
			ReleaseScriptCaches (2ms)
			RebuildScriptCaches (54ms)
			SetupLoadedEditorAssemblies (421ms)
				LogAssemblyErrors (0ms)
				InitializePlatformSupportModulesInManaged (6ms)
				SetLoadedEditorAssemblies (1ms)
				RefreshPlugins (1ms)
				BeforeProcessingInitializeOnLoad (82ms)
				ProcessInitializeOnLoadAttributes (317ms)
				ProcessInitializeOnLoadMethodAttributes (10ms)
				AfterProcessingInitializeOnLoad (4ms)
				EditorAssembliesLoaded (0ms)
			ExecutionOrderSort2 (0ms)
			AwakeInstancesAfterBackupRestoration (11ms)
Platform modules already initialized, skipping
Refreshing native plugins compatible for Editor in 1.05 ms, found 4 plugins.
Preloading 0 native plugins for Editor in 0.00 ms.
Unloading 3978 Unused Serialized files (Serialized files now loaded: 0)
System memory in use before: 148.5 MB.
System memory in use after: 148.6 MB.

Unloading 25 unused Assets to reduce memory usage. Loaded Objects now: 4464.
Total: 3.716200 ms (FindLiveObjects: 0.366100 ms CreateObjectMapping: 0.234900 ms MarkObjects: 2.990500 ms  DeleteObjects: 0.123300 ms)

AssetImportParameters requested are different than current active one (requested -> active):
  custom:framework-win-MediaFoundation: 216162199b28c13a410421893ffa2e32 -> 
  custom:video-decoder-ogg-theora: a1e56fd34408186e4bbccfd4996cb3dc -> 
  custom:container-muxer-webm: aa71ff27fc2769a1b78a27578f13a17b -> 
  custom:container-demuxer-webm: 4f35f7cbe854078d1ac9338744f61a02 -> 
  custom:container-demuxer-ogg: 62fdf1f143b41e24485cea50d1cbac27 -> 
  custom:video-encoder-webm-vp8: eb34c28f22e8b96e1ab97ce403110664 -> 
  custom:video-decoder-webm-vp8: 9c59270c3fd7afecdb556c50c9e8de78 -> 
  custom:audio-decoder-ogg-vorbis: bf7c407c2cedff20999df2af8eb42d56 -> 
  custom:audio-encoder-webm-vorbis: bf7c407c2cedff20999df2af8eb42d56 -> 
========================================================================
Received Import Request.
  Time since last request: 850.868859 seconds.
  path: Assets/Prefabs/Camera
  artifactKey: Guid(59efc7f5489d1be45964f4631a22f6c2) Importer(815301076,1909f56bfc062723c751e8b465ee728b)
Start importing Assets/Prefabs/Camera using Guid(59efc7f5489d1be45964f4631a22f6c2) Importer(815301076,1909f56bfc062723c751e8b465ee728b)  -> (artifact id: '514e6e3cf61c61ce6a9dd84078c109bf') in 0.022757 seconds 
========================================================================
Received Prepare
Registering precompiled user dll's ...
Registered in 0.004737 seconds.
Begin MonoManager ReloadAssembly
Symbol file LoadedFromMemory doesn't match image D:\Users\Zaphkil!\Documents\Unity Projects\2D Shooter\Library\PackageCache\com.unity.visualscripting@1.6.1\Editor\VisualScripting.Core\Dependencies\YamlDotNet\Unity.VisualScripting.YamlDotNet.dll
Symbol file LoadedFromMemory doesn't match image D:\Users\Zaphkil!\Documents\Unity Projects\2D Shooter\Library\PackageCache\com.unity.visualscripting@1.6.1\Editor\VisualScripting.Core\Dependencies\DotNetZip\Unity.VisualScripting.IonicZip.dll
Native extension for WindowsStandalone target not found
Native extension for WebGL target not found
Refreshing native plugins compatible for Editor in 1.04 ms, found 4 plugins.
Preloading 0 native plugins for Editor in 0.00 ms.
Mono: successfully reloaded assembly
- Completed reload, in  1.318 seconds
Domain Reload Profiling:
	ReloadAssembly (1319ms)
		BeginReloadAssembly (122ms)
			ExecutionOrderSort (0ms)
			DisableScriptedObjects (7ms)
			BackupInstance (0ms)
			ReleaseScriptingObjects (0ms)
			CreateAndSetChildDomain (44ms)
		EndReloadAssembly (1135ms)
			LoadAssemblies (110ms)
			RebuildTransferFunctionScriptingTraits (0ms)
			SetupTypeCache (446ms)
			ReleaseScriptCaches (1ms)
			RebuildScriptCaches (52ms)
			SetupLoadedEditorAssemblies (396ms)
				LogAssemblyErrors (0ms)
				InitializePlatformSupportModulesInManaged (6ms)
				SetLoadedEditorAssemblies (1ms)
				RefreshPlugins (1ms)
				BeforeProcessingInitializeOnLoad (67ms)
				ProcessInitializeOnLoadAttributes (309ms)
				ProcessInitializeOnLoadMethodAttributes (9ms)
				AfterProcessingInitializeOnLoad (3ms)
				EditorAssembliesLoaded (0ms)
			ExecutionOrderSort2 (0ms)
			AwakeInstancesAfterBackupRestoration (11ms)
Platform modules already initialized, skipping
Refreshing native plugins compatible for Editor in 0.99 ms, found 4 plugins.
Preloading 0 native plugins for Editor in 0.00 ms.
Unloading 3978 Unused Serialized files (Serialized files now loaded: 0)
System memory in use before: 148.5 MB.
System memory in use after: 148.6 MB.

Unloading 25 unused Assets to reduce memory usage. Loaded Objects now: 4468.
Total: 3.888900 ms (FindLiveObjects: 0.432400 ms CreateObjectMapping: 0.290700 ms MarkObjects: 3.039600 ms  DeleteObjects: 0.124800 ms)

AssetImportParameters requested are different than current active one (requested -> active):
  custom:framework-win-MediaFoundation: 216162199b28c13a410421893ffa2e32 -> 
  custom:video-decoder-ogg-theora: a1e56fd34408186e4bbccfd4996cb3dc -> 
  custom:container-muxer-webm: aa71ff27fc2769a1b78a27578f13a17b -> 
  custom:container-demuxer-webm: 4f35f7cbe854078d1ac9338744f61a02 -> 
  custom:container-demuxer-ogg: 62fdf1f143b41e24485cea50d1cbac27 -> 
  custom:video-encoder-webm-vp8: eb34c28f22e8b96e1ab97ce403110664 -> 
  custom:video-decoder-webm-vp8: 9c59270c3fd7afecdb556c50c9e8de78 -> 
  custom:audio-decoder-ogg-vorbis: bf7c407c2cedff20999df2af8eb42d56 -> 
  custom:audio-encoder-webm-vorbis: bf7c407c2cedff20999df2af8eb42d56 -> 
========================================================================
Received Import Request.
  Time since last request: 12.290301 seconds.
  path: Assets/Prefabs/Effects/Enemy/EnemyDeathEffect.prefab
  artifactKey: Guid(990f3751046a4d840806774f23579fe2) Importer(815301076,1909f56bfc062723c751e8b465ee728b)
Start importing Assets/Prefabs/Effects/Enemy/EnemyDeathEffect.prefab using Guid(990f3751046a4d840806774f23579fe2) Importer(815301076,1909f56bfc062723c751e8b465ee728b)  -> (artifact id: '23d65dd8b147ab887f0fa97119ced67a') in 0.222142 seconds 
========================================================================
Received Import Request.
  Time since last request: 7.673696 seconds.
  path: Assets/Prefabs/Effects/Enemy/EnemyDeathEffect.prefab
  artifactKey: Guid(990f3751046a4d840806774f23579fe2) Importer(815301076,1909f56bfc062723c751e8b465ee728b)
Start importing Assets/Prefabs/Effects/Enemy/EnemyDeathEffect.prefab using Guid(990f3751046a4d840806774f23579fe2) Importer(815301076,1909f56bfc062723c751e8b465ee728b)  -> (artifact id: 'a570ffee3dc30a38fc6b95ee98b39801') in 0.027373 seconds 
========================================================================
Received Import Request.
  Time since last request: 1.396828 seconds.
  path: Assets/Prefabs/Effects/Enemy/EnemyDeathEffect.prefab
  artifactKey: Guid(990f3751046a4d840806774f23579fe2) Importer(815301076,1909f56bfc062723c751e8b465ee728b)
Start importing Assets/Prefabs/Effects/Enemy/EnemyDeathEffect.prefab using Guid(990f3751046a4d840806774f23579fe2) Importer(815301076,1909f56bfc062723c751e8b465ee728b)  -> (artifact id: '5fee7c0abb2740b1f6d905d7df5fb322') in 0.031557 seconds 
========================================================================
Received Import Request.
  Time since last request: 1.987499 seconds.
  path: Assets/Prefabs/Effects/Enemy/EnemyDeathEffect.prefab
  artifactKey: Guid(990f3751046a4d840806774f23579fe2) Importer(815301076,1909f56bfc062723c751e8b465ee728b)
Start importing Assets/Prefabs/Effects/Enemy/EnemyDeathEffect.prefab using Guid(990f3751046a4d840806774f23579fe2) Importer(815301076,1909f56bfc062723c751e8b465ee728b)  -> (artifact id: '11e2764bbf80116926d41fc195cff91e') in 0.020678 seconds 
========================================================================
Received Import Request.
  Time since last request: 9.146761 seconds.
  path: Assets/Prefabs/Effects/Enemy/EnemyDeathEffect.prefab
  artifactKey: Guid(990f3751046a4d840806774f23579fe2) Importer(815301076,1909f56bfc062723c751e8b465ee728b)
Start importing Assets/Prefabs/Effects/Enemy/EnemyDeathEffect.prefab using Guid(990f3751046a4d840806774f23579fe2) Importer(815301076,1909f56bfc062723c751e8b465ee728b)  -> (artifact id: '3e2ed8e34c5627ef0bf0a773f8f8efec') in 0.036586 seconds 
========================================================================
Received Import Request.
  Time since last request: 7.170639 seconds.
  path: Assets/Prefabs/Effects/Enemy/EnemyHitEffect.prefab
  artifactKey: Guid(d6029318d740811488fd5dd38a7e1ce1) Importer(815301076,1909f56bfc062723c751e8b465ee728b)
Start importing Assets/Prefabs/Effects/Enemy/EnemyHitEffect.prefab using Guid(d6029318d740811488fd5dd38a7e1ce1) Importer(815301076,1909f56bfc062723c751e8b465ee728b)  -> (artifact id: '3a41cbfa5baaae40118c89ea810cbaf8') in 0.040249 seconds 
========================================================================
Received Import Request.
  Time since last request: 44.738410 seconds.
  path: Assets/Prefabs/Effects/Player/PlayerDeathEffect.prefab
  artifactKey: Guid(68794701c80057447857bb433e54c579) Importer(815301076,1909f56bfc062723c751e8b465ee728b)
Start importing Assets/Prefabs/Effects/Player/PlayerDeathEffect.prefab using Guid(68794701c80057447857bb433e54c579) Importer(815301076,1909f56bfc062723c751e8b465ee728b)  -> (artifact id: 'f0926ce36b6b79ff00367f39042c555c') in 0.032106 seconds 
========================================================================
Received Prepare
Registering precompiled user dll's ...
Registered in 0.004890 seconds.
Begin MonoManager ReloadAssembly
Symbol file LoadedFromMemory doesn't match image D:\Users\Zaphkil!\Documents\Unity Projects\2D Shooter\Library\PackageCache\com.unity.visualscripting@1.6.1\Editor\VisualScripting.Core\Dependencies\YamlDotNet\Unity.VisualScripting.YamlDotNet.dll
Symbol file LoadedFromMemory doesn't match image D:\Users\Zaphkil!\Documents\Unity Projects\2D Shooter\Library\PackageCache\com.unity.visualscripting@1.6.1\Editor\VisualScripting.Core\Dependencies\DotNetZip\Unity.VisualScripting.IonicZip.dll
Native extension for WindowsStandalone target not found
Native extension for WebGL target not found
Refreshing native plugins compatible for Editor in 0.89 ms, found 4 plugins.
Preloading 0 native plugins for Editor in 0.00 ms.
Mono: successfully reloaded assembly
- Completed reload, in  1.322 seconds
Domain Reload Profiling:
	ReloadAssembly (1322ms)
		BeginReloadAssembly (127ms)
			ExecutionOrderSort (0ms)
			DisableScriptedObjects (7ms)
			BackupInstance (0ms)
			ReleaseScriptingObjects (0ms)
			CreateAndSetChildDomain (46ms)
		EndReloadAssembly (1116ms)
			LoadAssemblies (107ms)
			RebuildTransferFunctionScriptingTraits (0ms)
			SetupTypeCache (423ms)
			ReleaseScriptCaches (1ms)
			RebuildScriptCaches (56ms)
			SetupLoadedEditorAssemblies (375ms)
				LogAssemblyErrors (0ms)
				InitializePlatformSupportModulesInManaged (6ms)
				SetLoadedEditorAssemblies (0ms)
				RefreshPlugins (1ms)
				BeforeProcessingInitializeOnLoad (67ms)
				ProcessInitializeOnLoadAttributes (287ms)
				ProcessInitializeOnLoadMethodAttributes (9ms)
				AfterProcessingInitializeOnLoad (3ms)
				EditorAssembliesLoaded (0ms)
			ExecutionOrderSort2 (0ms)
			AwakeInstancesAfterBackupRestoration (13ms)
Platform modules already initialized, skipping
Refreshing native plugins compatible for Editor in 1.06 ms, found 4 plugins.
Preloading 0 native plugins for Editor in 0.00 ms.
Unloading 3978 Unused Serialized files (Serialized files now loaded: 0)
System memory in use before: 152.7 MB.
System memory in use after: 152.8 MB.

Unloading 25 unused Assets to reduce memory usage. Loaded Objects now: 4479.
Total: 4.153300 ms (FindLiveObjects: 0.483700 ms CreateObjectMapping: 0.274400 ms MarkObjects: 3.272200 ms  DeleteObjects: 0.121800 ms)

AssetImportParameters requested are different than current active one (requested -> active):
  custom:framework-win-MediaFoundation: 216162199b28c13a410421893ffa2e32 -> 
  custom:video-decoder-ogg-theora: a1e56fd34408186e4bbccfd4996cb3dc -> 
  custom:container-muxer-webm: aa71ff27fc2769a1b78a27578f13a17b -> 
  custom:container-demuxer-webm: 4f35f7cbe854078d1ac9338744f61a02 -> 
  custom:container-demuxer-ogg: 62fdf1f143b41e24485cea50d1cbac27 -> 
  custom:video-encoder-webm-vp8: eb34c28f22e8b96e1ab97ce403110664 -> 
  custom:video-decoder-webm-vp8: 9c59270c3fd7afecdb556c50c9e8de78 -> 
  custom:audio-decoder-ogg-vorbis: bf7c407c2cedff20999df2af8eb42d56 -> 
  custom:audio-encoder-webm-vorbis: bf7c407c2cedff20999df2af8eb42d56 -> 
========================================================================
Received Import Request.
  Time since last request: 12.353125 seconds.
  path: Assets/Prefabs/Effects/Player/PlayerDeathEffect.prefab
  artifactKey: Guid(68794701c80057447857bb433e54c579) Importer(815301076,1909f56bfc062723c751e8b465ee728b)
Start importing Assets/Prefabs/Effects/Player/PlayerDeathEffect.prefab using Guid(68794701c80057447857bb433e54c579) Importer(815301076,1909f56bfc062723c751e8b465ee728b)  -> (artifact id: '5563edea5e764c65b6b4fe2ddfe422aa') in 0.123322 seconds 
========================================================================
Received Import Request.
  Time since last request: 2.543406 seconds.
  path: Assets/Prefabs/Effects/Player/PlayerDeathEffect.prefab
  artifactKey: Guid(68794701c80057447857bb433e54c579) Importer(815301076,1909f56bfc062723c751e8b465ee728b)
Start importing Assets/Prefabs/Effects/Player/PlayerDeathEffect.prefab using Guid(68794701c80057447857bb433e54c579) Importer(815301076,1909f56bfc062723c751e8b465ee728b)  -> (artifact id: 'a9cfd684feac69102fa4276997c1c4a8') in 0.028810 seconds 
========================================================================
Received Import Request.
  Time since last request: 2.389066 seconds.
  path: Assets/Prefabs/Effects/Player/PlayerDeathEffect.prefab
  artifactKey: Guid(68794701c80057447857bb433e54c579) Importer(815301076,1909f56bfc062723c751e8b465ee728b)
Start importing Assets/Prefabs/Effects/Player/PlayerDeathEffect.prefab using Guid(68794701c80057447857bb433e54c579) Importer(815301076,1909f56bfc062723c751e8b465ee728b)  -> (artifact id: 'f22d7b44b83d11ed8da0127495db4b66') in 0.022163 seconds 
========================================================================
Received Import Request.
  Time since last request: 1.005342 seconds.
  path: Assets/Prefabs/Effects/Player/PlayerDeathEffect.prefab
  artifactKey: Guid(68794701c80057447857bb433e54c579) Importer(815301076,1909f56bfc062723c751e8b465ee728b)
Start importing Assets/Prefabs/Effects/Player/PlayerDeathEffect.prefab using Guid(68794701c80057447857bb433e54c579) Importer(815301076,1909f56bfc062723c751e8b465ee728b)  -> (artifact id: 'daf8daa8d3fff23ee131b88b5f308f62') in 0.029067 seconds 
========================================================================
Received Import Request.
  Time since last request: 0.782858 seconds.
  path: Assets/Prefabs/Effects/Player/PlayerDeathEffect.prefab
  artifactKey: Guid(68794701c80057447857bb433e54c579) Importer(815301076,1909f56bfc062723c751e8b465ee728b)
Start importing Assets/Prefabs/Effects/Player/PlayerDeathEffect.prefab using Guid(68794701c80057447857bb433e54c579) Importer(815301076,1909f56bfc062723c751e8b465ee728b)  -> (artifact id: 'e69999686aef1a1dca9d0d2767abf105') in 0.034208 seconds 
========================================================================
Received Import Request.
  Time since last request: 4.722265 seconds.
  path: Assets/Prefabs/Effects/Player/PlayerDeathEffect.prefab
  artifactKey: Guid(68794701c80057447857bb433e54c579) Importer(815301076,1909f56bfc062723c751e8b465ee728b)
Start importing Assets/Prefabs/Effects/Player/PlayerDeathEffect.prefab using Guid(68794701c80057447857bb433e54c579) Importer(815301076,1909f56bfc062723c751e8b465ee728b)  -> (artifact id: 'aec8fb444262c8877e3570d9547af6cd') in 0.023901 seconds 
========================================================================
Received Import Request.
  Time since last request: 2.440560 seconds.
  path: Assets/Prefabs/Effects/Player/PlayerDeathEffect.prefab
  artifactKey: Guid(68794701c80057447857bb433e54c579) Importer(815301076,1909f56bfc062723c751e8b465ee728b)
Start importing Assets/Prefabs/Effects/Player/PlayerDeathEffect.prefab using Guid(68794701c80057447857bb433e54c579) Importer(815301076,1909f56bfc062723c751e8b465ee728b)  -> (artifact id: 'c5938ba8e26737708236af5e1c373d67') in 0.019305 seconds 
========================================================================
Received Prepare
Registering precompiled user dll's ...
Registered in 0.006709 seconds.
Begin MonoManager ReloadAssembly
Symbol file LoadedFromMemory doesn't match image D:\Users\Zaphkil!\Documents\Unity Projects\2D Shooter\Library\PackageCache\com.unity.visualscripting@1.6.1\Editor\VisualScripting.Core\Dependencies\YamlDotNet\Unity.VisualScripting.YamlDotNet.dll
Symbol file LoadedFromMemory doesn't match image D:\Users\Zaphkil!\Documents\Unity Projects\2D Shooter\Library\PackageCache\com.unity.visualscripting@1.6.1\Editor\VisualScripting.Core\Dependencies\DotNetZip\Unity.VisualScripting.IonicZip.dll
Native extension for WindowsStandalone target not found
Native extension for WebGL target not found
Refreshing native plugins compatible for Editor in 1.48 ms, found 4 plugins.
Preloading 0 native plugins for Editor in 0.00 ms.
Mono: successfully reloaded assembly
- Completed reload, in  1.443 seconds
Domain Reload Profiling:
	ReloadAssembly (1444ms)
		BeginReloadAssembly (129ms)
			ExecutionOrderSort (0ms)
			DisableScriptedObjects (10ms)
			BackupInstance (0ms)
			ReleaseScriptingObjects (0ms)
			CreateAndSetChildDomain (46ms)
		EndReloadAssembly (1252ms)
			LoadAssemblies (111ms)
			RebuildTransferFunctionScriptingTraits (0ms)
			SetupTypeCache (494ms)
			ReleaseScriptCaches (2ms)
			RebuildScriptCaches (55ms)
			SetupLoadedEditorAssemblies (434ms)
				LogAssemblyErrors (0ms)
				InitializePlatformSupportModulesInManaged (9ms)
				SetLoadedEditorAssemblies (1ms)
				RefreshPlugins (2ms)
				BeforeProcessingInitializeOnLoad (76ms)
				ProcessInitializeOnLoadAttributes (331ms)
				ProcessInitializeOnLoadMethodAttributes (13ms)
				AfterProcessingInitializeOnLoad (3ms)
				EditorAssembliesLoaded (0ms)
			ExecutionOrderSort2 (0ms)
			AwakeInstancesAfterBackupRestoration (13ms)
Platform modules already initialized, skipping
Refreshing native plugins compatible for Editor in 1.09 ms, found 4 plugins.
Preloading 0 native plugins for Editor in 0.00 ms.
Unloading 3978 Unused Serialized files (Serialized files now loaded: 0)
System memory in use before: 152.7 MB.
System memory in use after: 152.8 MB.

Unloading 25 unused Assets to reduce memory usage. Loaded Objects now: 4484.
Total: 4.332200 ms (FindLiveObjects: 0.557900 ms CreateObjectMapping: 0.421300 ms MarkObjects: 3.205400 ms  DeleteObjects: 0.146000 ms)

AssetImportParameters requested are different than current active one (requested -> active):
  custom:framework-win-MediaFoundation: 216162199b28c13a410421893ffa2e32 -> 
  custom:video-decoder-ogg-theora: a1e56fd34408186e4bbccfd4996cb3dc -> 
  custom:container-muxer-webm: aa71ff27fc2769a1b78a27578f13a17b -> 
  custom:container-demuxer-webm: 4f35f7cbe854078d1ac9338744f61a02 -> 
  custom:container-demuxer-ogg: 62fdf1f143b41e24485cea50d1cbac27 -> 
  custom:video-encoder-webm-vp8: eb34c28f22e8b96e1ab97ce403110664 -> 
  custom:video-decoder-webm-vp8: 9c59270c3fd7afecdb556c50c9e8de78 -> 
  custom:audio-decoder-ogg-vorbis: bf7c407c2cedff20999df2af8eb42d56 -> 
  custom:audio-encoder-webm-vorbis: bf7c407c2cedff20999df2af8eb42d56 -> 
========================================================================
Received Import Request.
  Time since last request: 131.127238 seconds.
  path: Assets/Prefabs/Effects/Player/PlayerHitEffect.prefab
  artifactKey: Guid(d35295653acdbe24081a5caee3d9c353) Importer(815301076,1909f56bfc062723c751e8b465ee728b)
Start importing Assets/Prefabs/Effects/Player/PlayerHitEffect.prefab using Guid(d35295653acdbe24081a5caee3d9c353) Importer(815301076,1909f56bfc062723c751e8b465ee728b)  -> (artifact id: 'cc3e5466125da0b09198bce1fe90d951') in 0.076760 seconds 
========================================================================
Received Import Request.
  Time since last request: 8.617091 seconds.
  path: Assets/Prefabs/Effects/UI/PauseEffect.prefab
  artifactKey: Guid(9967d2d51362d424db63a71a2379427f) Importer(815301076,1909f56bfc062723c751e8b465ee728b)
Start importing Assets/Prefabs/Effects/UI/PauseEffect.prefab using Guid(9967d2d51362d424db63a71a2379427f) Importer(815301076,1909f56bfc062723c751e8b465ee728b)  -> (artifact id: 'c67fb43ed6fb09d8bde021753a241e01') in 0.011548 seconds 
========================================================================
Received Import Request.
  Time since last request: 17.739616 seconds.
  path: Assets/Prefabs/Effects/PlayerProjectileHitV2.prefab
  artifactKey: Guid(2593d5461178baf439ad53cc44f920d0) Importer(815301076,1909f56bfc062723c751e8b465ee728b)
Start importing Assets/Prefabs/Effects/PlayerProjectileHitV2.prefab using Guid(2593d5461178baf439ad53cc44f920d0) Importer(815301076,1909f56bfc062723c751e8b465ee728b)  -> (artifact id: '7f3f08b8255d4586340cf550661236cd') in 0.018281 seconds 
========================================================================
Received Prepare
Registering precompiled user dll's ...
Registered in 0.004766 seconds.
Begin MonoManager ReloadAssembly
Symbol file LoadedFromMemory doesn't match image D:\Users\Zaphkil!\Documents\Unity Projects\2D Shooter\Library\PackageCache\com.unity.visualscripting@1.6.1\Editor\VisualScripting.Core\Dependencies\YamlDotNet\Unity.VisualScripting.YamlDotNet.dll
Symbol file LoadedFromMemory doesn't match image D:\Users\Zaphkil!\Documents\Unity Projects\2D Shooter\Library\PackageCache\com.unity.visualscripting@1.6.1\Editor\VisualScripting.Core\Dependencies\DotNetZip\Unity.VisualScripting.IonicZip.dll
Native extension for WindowsStandalone target not found
Native extension for WebGL target not found
Refreshing native plugins compatible for Editor in 0.92 ms, found 4 plugins.
Preloading 0 native plugins for Editor in 0.00 ms.
Mono: successfully reloaded assembly
- Completed reload, in  1.508 seconds
Domain Reload Profiling:
	ReloadAssembly (1509ms)
		BeginReloadAssembly (122ms)
			ExecutionOrderSort (0ms)
			DisableScriptedObjects (7ms)
			BackupInstance (0ms)
			ReleaseScriptingObjects (0ms)
			CreateAndSetChildDomain (43ms)
		EndReloadAssembly (1323ms)
			LoadAssemblies (99ms)
			RebuildTransferFunctionScriptingTraits (0ms)
			SetupTypeCache (522ms)
			ReleaseScriptCaches (2ms)
			RebuildScriptCaches (68ms)
			SetupLoadedEditorAssemblies (482ms)
				LogAssemblyErrors (0ms)
				InitializePlatformSupportModulesInManaged (6ms)
				SetLoadedEditorAssemblies (1ms)
				RefreshPlugins (1ms)
				BeforeProcessingInitializeOnLoad (76ms)
				ProcessInitializeOnLoadAttributes (386ms)
				ProcessInitializeOnLoadMethodAttributes (9ms)
				AfterProcessingInitializeOnLoad (3ms)
				EditorAssembliesLoaded (0ms)
			ExecutionOrderSort2 (0ms)
			AwakeInstancesAfterBackupRestoration (11ms)
Platform modules already initialized, skipping
Refreshing native plugins compatible for Editor in 0.95 ms, found 4 plugins.
Preloading 0 native plugins for Editor in 0.00 ms.
Unloading 3978 Unused Serialized files (Serialized files now loaded: 0)
System memory in use before: 152.7 MB.
System memory in use after: 152.9 MB.

Unloading 25 unused Assets to reduce memory usage. Loaded Objects now: 4488.
Total: 4.031800 ms (FindLiveObjects: 0.380100 ms CreateObjectMapping: 0.193400 ms MarkObjects: 3.331400 ms  DeleteObjects: 0.125500 ms)

AssetImportParameters requested are different than current active one (requested -> active):
  custom:framework-win-MediaFoundation: 216162199b28c13a410421893ffa2e32 -> 
  custom:video-decoder-ogg-theora: a1e56fd34408186e4bbccfd4996cb3dc -> 
  custom:container-muxer-webm: aa71ff27fc2769a1b78a27578f13a17b -> 
  custom:container-demuxer-webm: 4f35f7cbe854078d1ac9338744f61a02 -> 
  custom:container-demuxer-ogg: 62fdf1f143b41e24485cea50d1cbac27 -> 
  custom:video-encoder-webm-vp8: eb34c28f22e8b96e1ab97ce403110664 -> 
  custom:video-decoder-webm-vp8: 9c59270c3fd7afecdb556c50c9e8de78 -> 
  custom:audio-decoder-ogg-vorbis: bf7c407c2cedff20999df2af8eb42d56 -> 
  custom:audio-encoder-webm-vorbis: bf7c407c2cedff20999df2af8eb42d56 -> 
========================================================================
Received Import Request.
  Time since last request: 22.143625 seconds.
  path: Assets/Prefabs/Enemies/IndividualEnemies/DiagonalShooter.prefab
  artifactKey: Guid(495642eafc9670944a4a57f177cfc4ce) Importer(815301076,1909f56bfc062723c751e8b465ee728b)
Start importing Assets/Prefabs/Enemies/IndividualEnemies/DiagonalShooter.prefab using Guid(495642eafc9670944a4a57f177cfc4ce) Importer(815301076,1909f56bfc062723c751e8b465ee728b)  -> (artifact id: '85eb23356bac97fc0e3e3d0060b20aa1') in 0.073148 seconds 
========================================================================
Received Import Request.
  Time since last request: 24.122064 seconds.
  path: Assets/Prefabs/Environment & Hazards/Stationary/CollidingAsteroid.prefab
  artifactKey: Guid(b289e07895452244383cb41b59b6d359) Importer(815301076,1909f56bfc062723c751e8b465ee728b)
Start importing Assets/Prefabs/Environment & Hazards/Stationary/CollidingAsteroid.prefab using Guid(b289e07895452244383cb41b59b6d359) Importer(815301076,1909f56bfc062723c751e8b465ee728b)  -> (artifact id: '27c5cba2a99e4d69ca635083ba5b00ef') in 0.042964 seconds 
========================================================================
Received Import Request.
  Time since last request: 7.803574 seconds.
  path: Assets/Prefabs/Environment & Hazards/Stationary/WallOfAsteroids.prefab
  artifactKey: Guid(4a009278bd43c0e4c9bca70b6fd5fd66) Importer(815301076,1909f56bfc062723c751e8b465ee728b)
Start importing Assets/Prefabs/Environment & Hazards/Stationary/WallOfAsteroids.prefab using Guid(4a009278bd43c0e4c9bca70b6fd5fd66) Importer(815301076,1909f56bfc062723c751e8b465ee728b)  -> (artifact id: '0717b2f668599c57019a8e9d99777569') in 0.042622 seconds 
========================================================================
Received Import Request.
  Time since last request: 2.296752 seconds.
  path: Assets/Prefabs/Environment & Hazards/Astroid.prefab
  artifactKey: Guid(4ff56f512f0956b4486863673e686753) Importer(815301076,1909f56bfc062723c751e8b465ee728b)
Start importing Assets/Prefabs/Environment & Hazards/Astroid.prefab using Guid(4ff56f512f0956b4486863673e686753) Importer(815301076,1909f56bfc062723c751e8b465ee728b)  -> (artifact id: '0ecbe401482e814d73e46e6fe3ded680') in 0.074035 seconds 
========================================================================
Received Import Request.
  Time since last request: 8.679524 seconds.
  path: Assets/Prefabs/Environment & Hazards/Astroid.prefab
  artifactKey: Guid(4ff56f512f0956b4486863673e686753) Importer(815301076,1909f56bfc062723c751e8b465ee728b)
Start importing Assets/Prefabs/Environment & Hazards/Astroid.prefab using Guid(4ff56f512f0956b4486863673e686753) Importer(815301076,1909f56bfc062723c751e8b465ee728b)  -> (artifact id: '597b30c3e7dc37ccbdd315d4efcc59af') in 0.038749 seconds 
========================================================================
Received Import Request.
  Time since last request: 1.560245 seconds.
  path: Assets/Prefabs/Environment & Hazards/Astroid.prefab
  artifactKey: Guid(4ff56f512f0956b4486863673e686753) Importer(815301076,1909f56bfc062723c751e8b465ee728b)
Start importing Assets/Prefabs/Environment & Hazards/Astroid.prefab using Guid(4ff56f512f0956b4486863673e686753) Importer(815301076,1909f56bfc062723c751e8b465ee728b)  -> (artifact id: '7b0c4d8a04f8876297b566e3f8e10ee8') in 0.031050 seconds 
========================================================================
Received Import Request.
  Time since last request: 1.575791 seconds.
  path: Assets/Prefabs/Environment & Hazards/Astroid.prefab
  artifactKey: Guid(4ff56f512f0956b4486863673e686753) Importer(815301076,1909f56bfc062723c751e8b465ee728b)
Start importing Assets/Prefabs/Environment & Hazards/Astroid.prefab using Guid(4ff56f512f0956b4486863673e686753) Importer(815301076,1909f56bfc062723c751e8b465ee728b)  -> (artifact id: '3a9b3838e897411c39c0329a1b8d520b') in 0.031068 seconds 
========================================================================
Received Import Request.
  Time since last request: 4.111661 seconds.
  path: Assets/Prefabs/Environment & Hazards/Astroid.prefab
  artifactKey: Guid(4ff56f512f0956b4486863673e686753) Importer(815301076,1909f56bfc062723c751e8b465ee728b)
Start importing Assets/Prefabs/Environment & Hazards/Astroid.prefab using Guid(4ff56f512f0956b4486863673e686753) Importer(815301076,1909f56bfc062723c751e8b465ee728b)  -> (artifact id: 'e198fefa0db3d0fdf17304780e6134cc') in 0.038756 seconds 
========================================================================
Received Import Request.
  Time since last request: 1.719491 seconds.
  path: Assets/Prefabs/Environment & Hazards/Astroid.prefab
  artifactKey: Guid(4ff56f512f0956b4486863673e686753) Importer(815301076,1909f56bfc062723c751e8b465ee728b)
Start importing Assets/Prefabs/Environment & Hazards/Astroid.prefab using Guid(4ff56f512f0956b4486863673e686753) Importer(815301076,1909f56bfc062723c751e8b465ee728b)  -> (artifact id: '1528145e923d2c47b9d18f7b80f5f497') in 0.049362 seconds 
========================================================================
Received Import Request.
  Time since last request: 204.431400 seconds.
  path: Assets/Prefabs/Player/Player.prefab
  artifactKey: Guid(c3b1af13d100b24439d61fa86f434063) Importer(815301076,1909f56bfc062723c751e8b465ee728b)
Start importing Assets/Prefabs/Player/Player.prefab using Guid(c3b1af13d100b24439d61fa86f434063) Importer(815301076,1909f56bfc062723c751e8b465ee728b)  -> (artifact id: '8464d2a30dbe23ccaae1379179b422fd') in 0.031108 seconds 
========================================================================
Received Import Request.
  Time since last request: 28.148488 seconds.
  path: Assets/Prefabs/Projectiles/Enemy Projectiles/Enemy_StraightProjectile Boss.prefab
  artifactKey: Guid(19ca1195e585ca348bb386c98ddbab9a) Importer(815301076,1909f56bfc062723c751e8b465ee728b)
Start importing Assets/Prefabs/Projectiles/Enemy Projectiles/Enemy_StraightProjectile Boss.prefab using Guid(19ca1195e585ca348bb386c98ddbab9a) Importer(815301076,1909f56bfc062723c751e8b465ee728b)  -> (artifact id: 'f8e7f897de26f716ce25c245fc164350') in 0.029011 seconds 
========================================================================
Received Import Request.
  Time since last request: 1.015073 seconds.
  path: Assets/Prefabs/Projectiles/Enemy Projectiles/Enemy_StraightProjectile 1_0.prefab
  artifactKey: Guid(5089b9cd653abda4ba6013a20e42c774) Importer(815301076,1909f56bfc062723c751e8b465ee728b)
Start importing Assets/Prefabs/Projectiles/Enemy Projectiles/Enemy_StraightProjectile 1_0.prefab using Guid(5089b9cd653abda4ba6013a20e42c774) Importer(815301076,1909f56bfc062723c751e8b465ee728b)  -> (artifact id: '7a36b4385b9c53498176404e31b3b8af') in 0.042956 seconds 
========================================================================
Received Import Request.
  Time since last request: 0.833805 seconds.
  path: Assets/Prefabs/Projectiles/Enemy Projectiles/Enemy_DiagonalProjectile 1_0.prefab
  artifactKey: Guid(46a316984bdddf746883aaa3db09a472) Importer(815301076,1909f56bfc062723c751e8b465ee728b)
Start importing Assets/Prefabs/Projectiles/Enemy Projectiles/Enemy_DiagonalProjectile 1_0.prefab using Guid(46a316984bdddf746883aaa3db09a472) Importer(815301076,1909f56bfc062723c751e8b465ee728b)  -> (artifact id: '80acf8a26c1226d5af2a6d7019252c31') in 0.072292 seconds 
========================================================================
Received Import Request.
  Time since last request: 64.160572 seconds.
  path: Assets/Prefabs/UI/UIPages
  artifactKey: Guid(40d3310662ad0ff4bbcf2ac470da6c41) Importer(815301076,1909f56bfc062723c751e8b465ee728b)
Start importing Assets/Prefabs/UI/UIPages using Guid(40d3310662ad0ff4bbcf2ac470da6c41) Importer(815301076,1909f56bfc062723c751e8b465ee728b)  -> (artifact id: 'bb54555bc01b13708727207bfe84f322') in 0.016539 seconds 
========================================================================
Received Import Request.
  Time since last request: 1.535198 seconds.
  path: Assets/Prefabs/UI/UIPages/GameOverScreen.prefab
  artifactKey: Guid(61159fd1e28574b4f9174ed742eb8b88) Importer(815301076,1909f56bfc062723c751e8b465ee728b)
Start importing Assets/Prefabs/UI/UIPages/GameOverScreen.prefab using Guid(61159fd1e28574b4f9174ed742eb8b88) Importer(815301076,1909f56bfc062723c751e8b465ee728b)  -> (artifact id: 'ef93744de819eef624ef2f4c8875575b') in 0.066488 seconds 
========================================================================
Received Prepare
Registering precompiled user dll's ...
Registered in 0.004869 seconds.
Begin MonoManager ReloadAssembly
Symbol file LoadedFromMemory doesn't match image D:\Users\Zaphkil!\Documents\Unity Projects\2D Shooter\Library\PackageCache\com.unity.visualscripting@1.6.1\Editor\VisualScripting.Core\Dependencies\YamlDotNet\Unity.VisualScripting.YamlDotNet.dll
Symbol file LoadedFromMemory doesn't match image D:\Users\Zaphkil!\Documents\Unity Projects\2D Shooter\Library\PackageCache\com.unity.visualscripting@1.6.1\Editor\VisualScripting.Core\Dependencies\DotNetZip\Unity.VisualScripting.IonicZip.dll
Native extension for WindowsStandalone target not found
Native extension for WebGL target not found
Refreshing native plugins compatible for Editor in 0.93 ms, found 4 plugins.
Preloading 0 native plugins for Editor in 0.00 ms.
Mono: successfully reloaded assembly
- Completed reload, in  1.311 seconds
Domain Reload Profiling:
	ReloadAssembly (1311ms)
		BeginReloadAssembly (123ms)
			ExecutionOrderSort (0ms)
			DisableScriptedObjects (7ms)
			BackupInstance (0ms)
			ReleaseScriptingObjects (0ms)
			CreateAndSetChildDomain (44ms)
		EndReloadAssembly (1123ms)
			LoadAssemblies (104ms)
			RebuildTransferFunctionScriptingTraits (0ms)
			SetupTypeCache (446ms)
			ReleaseScriptCaches (2ms)
			RebuildScriptCaches (55ms)
			SetupLoadedEditorAssemblies (381ms)
				LogAssemblyErrors (0ms)
				InitializePlatformSupportModulesInManaged (6ms)
				SetLoadedEditorAssemblies (0ms)
				RefreshPlugins (1ms)
				BeforeProcessingInitializeOnLoad (71ms)
				ProcessInitializeOnLoadAttributes (290ms)
				ProcessInitializeOnLoadMethodAttributes (9ms)
				AfterProcessingInitializeOnLoad (3ms)
				EditorAssembliesLoaded (0ms)
			ExecutionOrderSort2 (0ms)
			AwakeInstancesAfterBackupRestoration (12ms)
Platform modules already initialized, skipping
Refreshing native plugins compatible for Editor in 0.96 ms, found 4 plugins.
Preloading 0 native plugins for Editor in 0.00 ms.
Unloading 3978 Unused Serialized files (Serialized files now loaded: 0)
System memory in use before: 152.8 MB.
System memory in use after: 152.9 MB.

Unloading 26 unused Assets to reduce memory usage. Loaded Objects now: 4493.
Total: 4.119000 ms (FindLiveObjects: 0.382900 ms CreateObjectMapping: 0.209400 ms MarkObjects: 3.398100 ms  DeleteObjects: 0.127100 ms)

AssetImportParameters requested are different than current active one (requested -> active):
  custom:framework-win-MediaFoundation: 216162199b28c13a410421893ffa2e32 -> 
  custom:video-decoder-ogg-theora: a1e56fd34408186e4bbccfd4996cb3dc -> 
  custom:container-muxer-webm: aa71ff27fc2769a1b78a27578f13a17b -> 
  custom:container-demuxer-webm: 4f35f7cbe854078d1ac9338744f61a02 -> 
  custom:container-demuxer-ogg: 62fdf1f143b41e24485cea50d1cbac27 -> 
  custom:video-encoder-webm-vp8: eb34c28f22e8b96e1ab97ce403110664 -> 
  custom:video-decoder-webm-vp8: 9c59270c3fd7afecdb556c50c9e8de78 -> 
  custom:audio-decoder-ogg-vorbis: bf7c407c2cedff20999df2af8eb42d56 -> 
  custom:audio-encoder-webm-vorbis: bf7c407c2cedff20999df2af8eb42d56 -> 
========================================================================
Received Import Request.
  Time since last request: 83.934170 seconds.
  path: Assets/Scripts/Utility/DirectionalMover.cs
  artifactKey: Guid(4930e3a683201c44b9bbbd9cb4c005de) Importer(815301076,1909f56bfc062723c751e8b465ee728b)
Start importing Assets/Scripts/Utility/DirectionalMover.cs using Guid(4930e3a683201c44b9bbbd9cb4c005de) Importer(815301076,1909f56bfc062723c751e8b465ee728b)  -> (artifact id: 'c0b01484ad16e447d22620735f0c4d43') in 0.019246 seconds 
========================================================================
Received Import Request.
  Time since last request: 1.021643 seconds.
  path: Assets/Scripts/Utility/GameManager.cs
  artifactKey: Guid(cba48a641e7263d448df21f15f8770d2) Importer(815301076,1909f56bfc062723c751e8b465ee728b)
Start importing Assets/Scripts/Utility/GameManager.cs using Guid(cba48a641e7263d448df21f15f8770d2) Importer(815301076,1909f56bfc062723c751e8b465ee728b)  -> (artifact id: '33c06a8c3c3ed3f4d0b6cff5b8a450ac') in 0.009969 seconds 
========================================================================
Received Import Request.
  Time since last request: 0.781615 seconds.
  path: Assets/Scripts/Utility/InputManager.cs
  artifactKey: Guid(97368d9c5c0ac81449786e73eeb496de) Importer(815301076,1909f56bfc062723c751e8b465ee728b)
Start importing Assets/Scripts/Utility/InputManager.cs using Guid(97368d9c5c0ac81449786e73eeb496de) Importer(815301076,1909f56bfc062723c751e8b465ee728b)  -> (artifact id: '47a1e746a04b2a845cefd984a1dbbf08') in 0.014713 seconds 
========================================================================
Received Import Request.
  Time since last request: 0.711395 seconds.
  path: Assets/Scripts/Utility/ScoreReseter.cs
  artifactKey: Guid(041cf54c73b60de40bace8564baffbed) Importer(815301076,1909f56bfc062723c751e8b465ee728b)
Start importing Assets/Scripts/Utility/ScoreReseter.cs using Guid(041cf54c73b60de40bace8564baffbed) Importer(815301076,1909f56bfc062723c751e8b465ee728b)  -> (artifact id: '10b5a00d2d88eee8892224aff5ed1d2a') in 0.027123 seconds 
========================================================================
Received Import Request.
  Time since last request: 1.507402 seconds.
  path: Assets/Scripts/Utility/ScreenshotUtility.cs
  artifactKey: Guid(559f0748d72164e4d810c4929ddf7f69) Importer(815301076,1909f56bfc062723c751e8b465ee728b)
Start importing Assets/Scripts/Utility/ScreenshotUtility.cs using Guid(559f0748d72164e4d810c4929ddf7f69) Importer(815301076,1909f56bfc062723c751e8b465ee728b)  -> (artifact id: 'e8746d21e327e4fe449b132c826fec25') in 0.012282 seconds 
========================================================================
Received Import Request.
  Time since last request: 2.725711 seconds.
  path: Assets/Scripts/Utility/TimedObjectDestroyer.cs
  artifactKey: Guid(b58ca2f55b8d54e44921b14b727bf610) Importer(815301076,1909f56bfc062723c751e8b465ee728b)
Start importing Assets/Scripts/Utility/TimedObjectDestroyer.cs using Guid(b58ca2f55b8d54e44921b14b727bf610) Importer(815301076,1909f56bfc062723c751e8b465ee728b)  -> (artifact id: '4f41bfebda10cc40f66e898fada4b9c7') in 0.017322 seconds 
========================================================================
Received Import Request.
  Time since last request: 241.096670 seconds.
  path: Assets/Art/UI Elements/Buttons
  artifactKey: Guid(70c2cd77cb6d54c4f87cc619c6cea168) Importer(815301076,1909f56bfc062723c751e8b465ee728b)
Start importing Assets/Art/UI Elements/Buttons using Guid(70c2cd77cb6d54c4f87cc619c6cea168) Importer(815301076,1909f56bfc062723c751e8b465ee728b)  -> (artifact id: 'b8cca2d3ca0025f74f7b42d2d34485f8') in 0.013037 seconds 
========================================================================
Received Import Request.
  Time since last request: 91.193400 seconds.
  path: Assets/Art/UI Elements/Buttons/UIButton.png
  artifactKey: Guid(018cd37590e3e2341a620241eacc4e09) Importer(815301076,1909f56bfc062723c751e8b465ee728b)
Start importing Assets/Art/UI Elements/Buttons/UIButton.png using Guid(018cd37590e3e2341a620241eacc4e09) Importer(815301076,1909f56bfc062723c751e8b465ee728b)  -> (artifact id: '56d0662f2a8243a6a3232402bbacc6a5') in 0.104161 seconds 
========================================================================
Received Import Request.
  Time since last request: 166.407257 seconds.
  path: Assets/Art/UI Elements/Fonts/pixel-emulator-font
  artifactKey: Guid(19a2f5c515a98d043841b318fec5a7f2) Importer(815301076,1909f56bfc062723c751e8b465ee728b)
Start importing Assets/Art/UI Elements/Fonts/pixel-emulator-font using Guid(19a2f5c515a98d043841b318fec5a7f2) Importer(815301076,1909f56bfc062723c751e8b465ee728b)  -> (artifact id: '83b02662ed2b2d37a28adce327f07f18') in 0.015960 seconds 
========================================================================
Received Import Request.
  Time since last request: 1.531138 seconds.
  path: Assets/Art/UI Elements/Fonts/pixel-emulator-font/misc
  artifactKey: Guid(62647afaae47f6647bb91c5c528ee96d) Importer(815301076,1909f56bfc062723c751e8b465ee728b)
Start importing Assets/Art/UI Elements/Fonts/pixel-emulator-font/misc using Guid(62647afaae47f6647bb91c5c528ee96d) Importer(815301076,1909f56bfc062723c751e8b465ee728b)  -> (artifact id: '5433d35deb114eba725a79cc29b9fca7') in 0.033155 seconds 
========================================================================
Received Import Request.
  Time since last request: 688.936913 seconds.
  path: Assets/Audio/Sound Effects/Jingles/PauseMenu.wav
  artifactKey: Guid(2ee8db168070cea4bb1ea13a024acce9) Importer(815301076,1909f56bfc062723c751e8b465ee728b)
Start importing Assets/Audio/Sound Effects/Jingles/PauseMenu.wav using Guid(2ee8db168070cea4bb1ea13a024acce9) Importer(815301076,1909f56bfc062723c751e8b465ee728b)  -> (artifact id: '43afea0f2f8f57c2bc0902692fb90a49') in 0.067799 seconds 
========================================================================
Received Import Request.
  Time since last request: 439.904199 seconds.
  path: Assets/Audio/Alternative/SFX
  artifactKey: Guid(7eba49bbb5a6cf146ab4fbe4ed800480) Importer(815301076,1909f56bfc062723c751e8b465ee728b)
Start importing Assets/Audio/Alternative/SFX using Guid(7eba49bbb5a6cf146ab4fbe4ed800480) Importer(815301076,1909f56bfc062723c751e8b465ee728b)  -> (artifact id: '568f495b2a16af563f3029decd560791') in 0.023448 seconds 
========================================================================
Received Import Request.
  Time since last request: 9.100692 seconds.
  path: Assets/Audio/Alternative/SFX/Jingles
  artifactKey: Guid(8e4d36e7f0e14404eb89d8389b600573) Importer(815301076,1909f56bfc062723c751e8b465ee728b)
Start importing Assets/Audio/Alternative/SFX/Jingles using Guid(8e4d36e7f0e14404eb89d8389b600573) Importer(815301076,1909f56bfc062723c751e8b465ee728b)  -> (artifact id: 'd3a613238c9c013193192287c031535c') in 0.014610 seconds 
========================================================================
Received Import Request.
  Time since last request: 20.335414 seconds.
  path: Assets/Audio/Alternative/SFX/Sound Effect
  artifactKey: Guid(4ac6ef95e88d3dc4f997b71385fed2ff) Importer(815301076,1909f56bfc062723c751e8b465ee728b)
Start importing Assets/Audio/Alternative/SFX/Sound Effect using Guid(4ac6ef95e88d3dc4f997b71385fed2ff) Importer(815301076,1909f56bfc062723c751e8b465ee728b)  -> (artifact id: 'd906734f4fb88b4c9757b8b89b40322c') in 0.015144 seconds 
========================================================================
Received Import Request.
  Time since last request: 890.328946 seconds.
  path: Assets/Audio
  artifactKey: Guid(14c2f72000cee3f43a9309a49506f20c) Importer(815301076,1909f56bfc062723c751e8b465ee728b)
Start importing Assets/Audio using Guid(14c2f72000cee3f43a9309a49506f20c) Importer(815301076,1909f56bfc062723c751e8b465ee728b)  -> (artifact id: '811c306ae545b7d56db31078dcf9b63d') in 0.015669 seconds 
========================================================================
Received Import Request.
  Time since last request: 106.173004 seconds.
  path: Assets/Art/Projectiles/Enemy Projectiles/Diagonal Projectile
  artifactKey: Guid(14ccee0ce4900254db88faeec53808c4) Importer(815301076,1909f56bfc062723c751e8b465ee728b)
Start importing Assets/Art/Projectiles/Enemy Projectiles/Diagonal Projectile using Guid(14ccee0ce4900254db88faeec53808c4) Importer(815301076,1909f56bfc062723c751e8b465ee728b)  -> (artifact id: '30ef9296b41eab273bd02f20981e0f88') in 0.015507 seconds 
========================================================================
Received Import Request.
  Time since last request: 93.738053 seconds.
  path: Assets/Prefabs/UI/CursorChanger.prefab
  artifactKey: Guid(60d30ea7c9ae4f94d976903729909542) Importer(815301076,1909f56bfc062723c751e8b465ee728b)
Start importing Assets/Prefabs/UI/CursorChanger.prefab using Guid(60d30ea7c9ae4f94d976903729909542) Importer(815301076,1909f56bfc062723c751e8b465ee728b)  -> (artifact id: 'f4812428ac133d4ff5c7d3af69ed5c09') in 0.044352 seconds 
========================================================================
Received Import Request.
  Time since last request: 8.033310 seconds.
  path: Assets/Prefabs/UI/MinimapCamera.prefab
  artifactKey: Guid(0076dbf18b87ca14499c1b44c7741287) Importer(815301076,1909f56bfc062723c751e8b465ee728b)
Start importing Assets/Prefabs/UI/MinimapCamera.prefab using Guid(0076dbf18b87ca14499c1b44c7741287) Importer(815301076,1909f56bfc062723c751e8b465ee728b)  -> (artifact id: 'a2225b2c27f49fe17c55cae0d13efb93') in 0.015437 seconds 
========================================================================
Received Import Request.
  Time since last request: 15.723624 seconds.
  path: Assets/Prefabs/UI/MinimapCamera.prefab
  artifactKey: Guid(0076dbf18b87ca14499c1b44c7741287) Importer(815301076,1909f56bfc062723c751e8b465ee728b)
Start importing Assets/Prefabs/UI/MinimapCamera.prefab using Guid(0076dbf18b87ca14499c1b44c7741287) Importer(815301076,1909f56bfc062723c751e8b465ee728b)  -> (artifact id: '7a52337425416d26292bbfa50a524751') in 0.005864 seconds 
========================================================================
Received Import Request.
  Time since last request: 3.251708 seconds.
  path: Assets/Prefabs/UI/MinimapCamera.prefab
  artifactKey: Guid(0076dbf18b87ca14499c1b44c7741287) Importer(815301076,1909f56bfc062723c751e8b465ee728b)
Start importing Assets/Prefabs/UI/MinimapCamera.prefab using Guid(0076dbf18b87ca14499c1b44c7741287) Importer(815301076,1909f56bfc062723c751e8b465ee728b)  -> (artifact id: '927d3485282c4f28efad1ae6ca6d1d15') in 0.004902 seconds 
========================================================================
Received Import Request.
  Time since last request: 9.201514 seconds.
  path: Assets/Prefabs/UI/MinimapCamera.prefab
  artifactKey: Guid(0076dbf18b87ca14499c1b44c7741287) Importer(815301076,1909f56bfc062723c751e8b465ee728b)
Start importing Assets/Prefabs/UI/MinimapCamera.prefab using Guid(0076dbf18b87ca14499c1b44c7741287) Importer(815301076,1909f56bfc062723c751e8b465ee728b)  -> (artifact id: '2ff6fd379edade3f3bd8b479e3c3ea99') in 0.005892 seconds 
========================================================================
Received Import Request.
  Time since last request: 1.923010 seconds.
  path: Assets/Prefabs/UI/MinimapCamera.prefab
  artifactKey: Guid(0076dbf18b87ca14499c1b44c7741287) Importer(815301076,1909f56bfc062723c751e8b465ee728b)
Start importing Assets/Prefabs/UI/MinimapCamera.prefab using Guid(0076dbf18b87ca14499c1b44c7741287) Importer(815301076,1909f56bfc062723c751e8b465ee728b)  -> (artifact id: '9e016cf4ad0f7fd839ffe45d308675c5') in 0.005336 seconds 
========================================================================
Received Import Request.
  Time since last request: 14.089935 seconds.
  path: Assets/Prefabs/UI/MinimapCamera.prefab
  artifactKey: Guid(0076dbf18b87ca14499c1b44c7741287) Importer(815301076,1909f56bfc062723c751e8b465ee728b)
Start importing Assets/Prefabs/UI/MinimapCamera.prefab using Guid(0076dbf18b87ca14499c1b44c7741287) Importer(815301076,1909f56bfc062723c751e8b465ee728b)  -> (artifact id: 'c1adfca50321eb93fcb9df8b713c5c04') in 0.004685 seconds 
========================================================================
Received Import Request.
  Time since last request: 16.709858 seconds.
  path: Assets/Prefabs/Utilities/ScreenshotUtility.prefab
  artifactKey: Guid(17c4624ac5de93a4a9852fa498f4e23d) Importer(815301076,1909f56bfc062723c751e8b465ee728b)
Start importing Assets/Prefabs/Utilities/ScreenshotUtility.prefab using Guid(17c4624ac5de93a4a9852fa498f4e23d) Importer(815301076,1909f56bfc062723c751e8b465ee728b)  -> (artifact id: '16560dec6a725056853b9f5acf226f3b') in 0.005680 seconds 
========================================================================
Received Import Request.
  Time since last request: 5.605291 seconds.
  path: Assets/Scripts
  artifactKey: Guid(020012e1a098c31488167bd98827db0a) Importer(815301076,1909f56bfc062723c751e8b465ee728b)
Start importing Assets/Scripts using Guid(020012e1a098c31488167bd98827db0a) Importer(815301076,1909f56bfc062723c751e8b465ee728b)  -> (artifact id: '6cacd0b53881c9db681dac8fcc86ebe7') in 0.015384 seconds 
========================================================================
Received Import Request.
  Time since last request: 67.196075 seconds.
  path: Assets/Audio/Alternative/Music/Main menu 8-Bit-Mayhem.mp3
  artifactKey: Guid(f3e90571afc251a40a1d7e10d9287bfe) Importer(815301076,1909f56bfc062723c751e8b465ee728b)
Start importing Assets/Audio/Alternative/Music/Main menu 8-Bit-Mayhem.mp3 using Guid(f3e90571afc251a40a1d7e10d9287bfe) Importer(815301076,1909f56bfc062723c751e8b465ee728b)  -> (artifact id: '2ac9d541e5a9dd0a76bbcf65d00c5a93') in 0.039736 seconds 
========================================================================
Received Prepare
Registering precompiled user dll's ...
Registered in 0.006326 seconds.
Begin MonoManager ReloadAssembly
Symbol file LoadedFromMemory doesn't match image D:\Users\Zaphkil!\Documents\Unity Projects\2D Shooter\Library\PackageCache\com.unity.visualscripting@1.6.1\Editor\VisualScripting.Core\Dependencies\YamlDotNet\Unity.VisualScripting.YamlDotNet.dll
Symbol file LoadedFromMemory doesn't match image D:\Users\Zaphkil!\Documents\Unity Projects\2D Shooter\Library\PackageCache\com.unity.visualscripting@1.6.1\Editor\VisualScripting.Core\Dependencies\DotNetZip\Unity.VisualScripting.IonicZip.dll
Native extension for WindowsStandalone target not found
Native extension for WebGL target not found
Refreshing native plugins compatible for Editor in 1.01 ms, found 4 plugins.
Preloading 0 native plugins for Editor in 0.00 ms.
Mono: successfully reloaded assembly
- Completed reload, in  1.443 seconds
Domain Reload Profiling:
	ReloadAssembly (1443ms)
		BeginReloadAssembly (156ms)
			ExecutionOrderSort (0ms)
			DisableScriptedObjects (9ms)
			BackupInstance (0ms)
			ReleaseScriptingObjects (0ms)
			CreateAndSetChildDomain (53ms)
		EndReloadAssembly (1216ms)
			LoadAssemblies (111ms)
			RebuildTransferFunctionScriptingTraits (0ms)
			SetupTypeCache (474ms)
			ReleaseScriptCaches (2ms)
			RebuildScriptCaches (59ms)
			SetupLoadedEditorAssemblies (415ms)
				LogAssemblyErrors (0ms)
				InitializePlatformSupportModulesInManaged (6ms)
				SetLoadedEditorAssemblies (1ms)
				RefreshPlugins (1ms)
				BeforeProcessingInitializeOnLoad (74ms)
				ProcessInitializeOnLoadAttributes (319ms)
				ProcessInitializeOnLoadMethodAttributes (11ms)
				AfterProcessingInitializeOnLoad (3ms)
				EditorAssembliesLoaded (0ms)
			ExecutionOrderSort2 (0ms)
			AwakeInstancesAfterBackupRestoration (18ms)
Platform modules already initialized, skipping
Refreshing native plugins compatible for Editor in 1.05 ms, found 4 plugins.
Preloading 0 native plugins for Editor in 0.00 ms.
Unloading 3979 Unused Serialized files (Serialized files now loaded: 0)
System memory in use before: 153.3 MB.
System memory in use after: 153.5 MB.

Unloading 25 unused Assets to reduce memory usage. Loaded Objects now: 4519.
Total: 4.937800 ms (FindLiveObjects: 0.472100 ms CreateObjectMapping: 0.426700 ms MarkObjects: 3.865200 ms  DeleteObjects: 0.171900 ms)

AssetImportParameters requested are different than current active one (requested -> active):
  custom:framework-win-MediaFoundation: 216162199b28c13a410421893ffa2e32 -> 
  custom:video-decoder-ogg-theora: a1e56fd34408186e4bbccfd4996cb3dc -> 
  custom:container-muxer-webm: aa71ff27fc2769a1b78a27578f13a17b -> 
  custom:container-demuxer-webm: 4f35f7cbe854078d1ac9338744f61a02 -> 
  custom:container-demuxer-ogg: 62fdf1f143b41e24485cea50d1cbac27 -> 
  custom:video-encoder-webm-vp8: eb34c28f22e8b96e1ab97ce403110664 -> 
  custom:video-decoder-webm-vp8: 9c59270c3fd7afecdb556c50c9e8de78 -> 
  custom:audio-decoder-ogg-vorbis: bf7c407c2cedff20999df2af8eb42d56 -> 
  custom:audio-encoder-webm-vorbis: bf7c407c2cedff20999df2af8eb42d56 -> 
========================================================================
Received Prepare
Registering precompiled user dll's ...
Registered in 0.004930 seconds.
Begin MonoManager ReloadAssembly
Symbol file LoadedFromMemory doesn't match image D:\Users\Zaphkil!\Documents\Unity Projects\2D Shooter\Library\PackageCache\com.unity.visualscripting@1.6.1\Editor\VisualScripting.Core\Dependencies\YamlDotNet\Unity.VisualScripting.YamlDotNet.dll
Symbol file LoadedFromMemory doesn't match image D:\Users\Zaphkil!\Documents\Unity Projects\2D Shooter\Library\PackageCache\com.unity.visualscripting@1.6.1\Editor\VisualScripting.Core\Dependencies\DotNetZip\Unity.VisualScripting.IonicZip.dll
Native extension for WindowsStandalone target not found
Native extension for WebGL target not found
Refreshing native plugins compatible for Editor in 0.97 ms, found 4 plugins.
Preloading 0 native plugins for Editor in 0.00 ms.
Mono: successfully reloaded assembly
- Completed reload, in  1.420 seconds
Domain Reload Profiling:
	ReloadAssembly (1421ms)
		BeginReloadAssembly (150ms)
			ExecutionOrderSort (0ms)
			DisableScriptedObjects (8ms)
			BackupInstance (0ms)
			ReleaseScriptingObjects (0ms)
			CreateAndSetChildDomain (56ms)
		EndReloadAssembly (1208ms)
			LoadAssemblies (104ms)
			RebuildTransferFunctionScriptingTraits (0ms)
			SetupTypeCache (484ms)
			ReleaseScriptCaches (1ms)
			RebuildScriptCaches (55ms)
			SetupLoadedEditorAssemblies (421ms)
				LogAssemblyErrors (0ms)
				InitializePlatformSupportModulesInManaged (6ms)
				SetLoadedEditorAssemblies (0ms)
				RefreshPlugins (1ms)
				BeforeProcessingInitializeOnLoad (70ms)
				ProcessInitializeOnLoadAttributes (328ms)
				ProcessInitializeOnLoadMethodAttributes (12ms)
				AfterProcessingInitializeOnLoad (3ms)
				EditorAssembliesLoaded (0ms)
			ExecutionOrderSort2 (0ms)
			AwakeInstancesAfterBackupRestoration (17ms)
Platform modules already initialized, skipping
Refreshing native plugins compatible for Editor in 0.96 ms, found 4 plugins.
Preloading 0 native plugins for Editor in 0.00 ms.
Unloading 3978 Unused Serialized files (Serialized files now loaded: 0)
System memory in use before: 153.3 MB.
System memory in use after: 153.4 MB.

Unloading 25 unused Assets to reduce memory usage. Loaded Objects now: 4523.
Total: 4.290000 ms (FindLiveObjects: 0.505000 ms CreateObjectMapping: 0.374800 ms MarkObjects: 3.269300 ms  DeleteObjects: 0.138800 ms)

AssetImportParameters requested are different than current active one (requested -> active):
  custom:framework-win-MediaFoundation: 216162199b28c13a410421893ffa2e32 -> 
  custom:video-decoder-ogg-theora: a1e56fd34408186e4bbccfd4996cb3dc -> 
  custom:container-muxer-webm: aa71ff27fc2769a1b78a27578f13a17b -> 
  custom:container-demuxer-webm: 4f35f7cbe854078d1ac9338744f61a02 -> 
  custom:container-demuxer-ogg: 62fdf1f143b41e24485cea50d1cbac27 -> 
  custom:video-encoder-webm-vp8: eb34c28f22e8b96e1ab97ce403110664 -> 
  custom:video-decoder-webm-vp8: 9c59270c3fd7afecdb556c50c9e8de78 -> 
  custom:audio-decoder-ogg-vorbis: bf7c407c2cedff20999df2af8eb42d56 -> 
  custom:audio-encoder-webm-vorbis: bf7c407c2cedff20999df2af8eb42d56 -> 
========================================================================
Received Prepare
Registering precompiled user dll's ...
Registered in 0.005487 seconds.
Begin MonoManager ReloadAssembly
Symbol file LoadedFromMemory doesn't match image D:\Users\Zaphkil!\Documents\Unity Projects\2D Shooter\Library\PackageCache\com.unity.visualscripting@1.6.1\Editor\VisualScripting.Core\Dependencies\YamlDotNet\Unity.VisualScripting.YamlDotNet.dll
Symbol file LoadedFromMemory doesn't match image D:\Users\Zaphkil!\Documents\Unity Projects\2D Shooter\Library\PackageCache\com.unity.visualscripting@1.6.1\Editor\VisualScripting.Core\Dependencies\DotNetZip\Unity.VisualScripting.IonicZip.dll
Native extension for WindowsStandalone target not found
Native extension for WebGL target not found
Refreshing native plugins compatible for Editor in 0.99 ms, found 4 plugins.
Preloading 0 native plugins for Editor in 0.00 ms.
Mono: successfully reloaded assembly
- Completed reload, in  1.457 seconds
Domain Reload Profiling:
	ReloadAssembly (1458ms)
		BeginReloadAssembly (137ms)
			ExecutionOrderSort (0ms)
			DisableScriptedObjects (8ms)
			BackupInstance (0ms)
			ReleaseScriptingObjects (0ms)
			CreateAndSetChildDomain (46ms)
		EndReloadAssembly (1246ms)
			LoadAssemblies (110ms)
			RebuildTransferFunctionScriptingTraits (0ms)
			SetupTypeCache (480ms)
			ReleaseScriptCaches (2ms)
			RebuildScriptCaches (55ms)
			SetupLoadedEditorAssemblies (446ms)
				LogAssemblyErrors (0ms)
				InitializePlatformSupportModulesInManaged (6ms)
				SetLoadedEditorAssemblies (1ms)
				RefreshPlugins (1ms)
				BeforeProcessingInitializeOnLoad (69ms)
				ProcessInitializeOnLoadAttributes (355ms)
				ProcessInitializeOnLoadMethodAttributes (11ms)
				AfterProcessingInitializeOnLoad (3ms)
				EditorAssembliesLoaded (0ms)
			ExecutionOrderSort2 (0ms)
			AwakeInstancesAfterBackupRestoration (18ms)
Platform modules already initialized, skipping
Refreshing native plugins compatible for Editor in 1.08 ms, found 4 plugins.
Preloading 0 native plugins for Editor in 0.00 ms.
Unloading 3978 Unused Serialized files (Serialized files now loaded: 0)
System memory in use before: 153.3 MB.
System memory in use after: 153.4 MB.

Unloading 25 unused Assets to reduce memory usage. Loaded Objects now: 4527.
Total: 4.077300 ms (FindLiveObjects: 0.457200 ms CreateObjectMapping: 0.321500 ms MarkObjects: 3.132700 ms  DeleteObjects: 0.163800 ms)

AssetImportParameters requested are different than current active one (requested -> active):
  custom:framework-win-MediaFoundation: 216162199b28c13a410421893ffa2e32 -> 
  custom:video-decoder-ogg-theora: a1e56fd34408186e4bbccfd4996cb3dc -> 
  custom:container-muxer-webm: aa71ff27fc2769a1b78a27578f13a17b -> 
  custom:container-demuxer-webm: 4f35f7cbe854078d1ac9338744f61a02 -> 
  custom:container-demuxer-ogg: 62fdf1f143b41e24485cea50d1cbac27 -> 
  custom:video-encoder-webm-vp8: eb34c28f22e8b96e1ab97ce403110664 -> 
  custom:video-decoder-webm-vp8: 9c59270c3fd7afecdb556c50c9e8de78 -> 
  custom:audio-decoder-ogg-vorbis: bf7c407c2cedff20999df2af8eb42d56 -> 
  custom:audio-encoder-webm-vorbis: bf7c407c2cedff20999df2af8eb42d56 -> 
========================================================================
Received Prepare
Registering precompiled user dll's ...
Registered in 0.006606 seconds.
Begin MonoManager ReloadAssembly
Symbol file LoadedFromMemory doesn't match image D:\Users\Zaphkil!\Documents\Unity Projects\2D Shooter\Library\PackageCache\com.unity.visualscripting@1.6.1\Editor\VisualScripting.Core\Dependencies\YamlDotNet\Unity.VisualScripting.YamlDotNet.dll
Symbol file LoadedFromMemory doesn't match image D:\Users\Zaphkil!\Documents\Unity Projects\2D Shooter\Library\PackageCache\com.unity.visualscripting@1.6.1\Editor\VisualScripting.Core\Dependencies\DotNetZip\Unity.VisualScripting.IonicZip.dll
Native extension for WindowsStandalone target not found
Native extension for WebGL target not found
Refreshing native plugins compatible for Editor in 1.44 ms, found 4 plugins.
Preloading 0 native plugins for Editor in 0.00 ms.
Mono: successfully reloaded assembly
- Completed reload, in  1.501 seconds
Domain Reload Profiling:
	ReloadAssembly (1502ms)
		BeginReloadAssembly (141ms)
			ExecutionOrderSort (0ms)
			DisableScriptedObjects (8ms)
			BackupInstance (0ms)
			ReleaseScriptingObjects (0ms)
			CreateAndSetChildDomain (47ms)
		EndReloadAssembly (1275ms)
			LoadAssemblies (110ms)
			RebuildTransferFunctionScriptingTraits (0ms)
			SetupTypeCache (500ms)
			ReleaseScriptCaches (2ms)
			RebuildScriptCaches (58ms)
			SetupLoadedEditorAssemblies (438ms)
				LogAssemblyErrors (0ms)
				InitializePlatformSupportModulesInManaged (6ms)
				SetLoadedEditorAssemblies (0ms)
				RefreshPlugins (2ms)
				BeforeProcessingInitializeOnLoad (77ms)
				ProcessInitializeOnLoadAttributes (337ms)
				ProcessInitializeOnLoadMethodAttributes (12ms)
				AfterProcessingInitializeOnLoad (3ms)
				EditorAssembliesLoaded (0ms)
			ExecutionOrderSort2 (0ms)
			AwakeInstancesAfterBackupRestoration (20ms)
Platform modules already initialized, skipping
Refreshing native plugins compatible for Editor in 1.17 ms, found 4 plugins.
Preloading 0 native plugins for Editor in 0.00 ms.
Unloading 3978 Unused Serialized files (Serialized files now loaded: 0)
System memory in use before: 153.3 MB.
System memory in use after: 153.4 MB.

Unloading 25 unused Assets to reduce memory usage. Loaded Objects now: 4531.
Total: 4.036800 ms (FindLiveObjects: 0.430300 ms CreateObjectMapping: 0.362800 ms MarkObjects: 3.088800 ms  DeleteObjects: 0.153300 ms)

AssetImportParameters requested are different than current active one (requested -> active):
  custom:framework-win-MediaFoundation: 216162199b28c13a410421893ffa2e32 -> 
  custom:video-decoder-ogg-theora: a1e56fd34408186e4bbccfd4996cb3dc -> 
  custom:container-muxer-webm: aa71ff27fc2769a1b78a27578f13a17b -> 
  custom:container-demuxer-webm: 4f35f7cbe854078d1ac9338744f61a02 -> 
  custom:container-demuxer-ogg: 62fdf1f143b41e24485cea50d1cbac27 -> 
  custom:video-encoder-webm-vp8: eb34c28f22e8b96e1ab97ce403110664 -> 
  custom:video-decoder-webm-vp8: 9c59270c3fd7afecdb556c50c9e8de78 -> 
  custom:audio-decoder-ogg-vorbis: bf7c407c2cedff20999df2af8eb42d56 -> 
  custom:audio-encoder-webm-vorbis: bf7c407c2cedff20999df2af8eb42d56 -> 
========================================================================
Received Prepare
Registering precompiled user dll's ...
Registered in 0.005237 seconds.
Begin MonoManager ReloadAssembly
Symbol file LoadedFromMemory doesn't match image D:\Users\Zaphkil!\Documents\Unity Projects\2D Shooter\Library\PackageCache\com.unity.visualscripting@1.6.1\Editor\VisualScripting.Core\Dependencies\YamlDotNet\Unity.VisualScripting.YamlDotNet.dll
Symbol file LoadedFromMemory doesn't match image D:\Users\Zaphkil!\Documents\Unity Projects\2D Shooter\Library\PackageCache\com.unity.visualscripting@1.6.1\Editor\VisualScripting.Core\Dependencies\DotNetZip\Unity.VisualScripting.IonicZip.dll
Native extension for WindowsStandalone target not found
Native extension for WebGL target not found
Refreshing native plugins compatible for Editor in 0.90 ms, found 4 plugins.
Preloading 0 native plugins for Editor in 0.00 ms.
Mono: successfully reloaded assembly
- Completed reload, in  1.268 seconds
Domain Reload Profiling:
	ReloadAssembly (1268ms)
		BeginReloadAssembly (133ms)
			ExecutionOrderSort (0ms)
			DisableScriptedObjects (8ms)
			BackupInstance (0ms)
			ReleaseScriptingObjects (0ms)
			CreateAndSetChildDomain (48ms)
		EndReloadAssembly (1071ms)
			LoadAssemblies (104ms)
			RebuildTransferFunctionScriptingTraits (0ms)
			SetupTypeCache (424ms)
			ReleaseScriptCaches (1ms)
			RebuildScriptCaches (50ms)
			SetupLoadedEditorAssemblies (363ms)
				LogAssemblyErrors (0ms)
				InitializePlatformSupportModulesInManaged (6ms)
				SetLoadedEditorAssemblies (0ms)
				RefreshPlugins (1ms)
				BeforeProcessingInitializeOnLoad (66ms)
				ProcessInitializeOnLoadAttributes (278ms)
				ProcessInitializeOnLoadMethodAttributes (10ms)
				AfterProcessingInitializeOnLoad (3ms)
				EditorAssembliesLoaded (0ms)
			ExecutionOrderSort2 (0ms)
			AwakeInstancesAfterBackupRestoration (15ms)
Platform modules already initialized, skipping
Refreshing native plugins compatible for Editor in 1.08 ms, found 4 plugins.
Preloading 0 native plugins for Editor in 0.00 ms.
Unloading 3978 Unused Serialized files (Serialized files now loaded: 0)
System memory in use before: 153.3 MB.
System memory in use after: 153.4 MB.

Unloading 25 unused Assets to reduce memory usage. Loaded Objects now: 4535.
Total: 3.779900 ms (FindLiveObjects: 0.472100 ms CreateObjectMapping: 0.298400 ms MarkObjects: 2.855600 ms  DeleteObjects: 0.152500 ms)

AssetImportParameters requested are different than current active one (requested -> active):
  custom:framework-win-MediaFoundation: 216162199b28c13a410421893ffa2e32 -> 
  custom:video-decoder-ogg-theora: a1e56fd34408186e4bbccfd4996cb3dc -> 
  custom:container-muxer-webm: aa71ff27fc2769a1b78a27578f13a17b -> 
  custom:container-demuxer-webm: 4f35f7cbe854078d1ac9338744f61a02 -> 
  custom:container-demuxer-ogg: 62fdf1f143b41e24485cea50d1cbac27 -> 
  custom:video-encoder-webm-vp8: eb34c28f22e8b96e1ab97ce403110664 -> 
  custom:video-decoder-webm-vp8: 9c59270c3fd7afecdb556c50c9e8de78 -> 
  custom:audio-decoder-ogg-vorbis: bf7c407c2cedff20999df2af8eb42d56 -> 
  custom:audio-encoder-webm-vorbis: bf7c407c2cedff20999df2af8eb42d56 -> 
